2025-07-06 16:55:26,599 [INFO] Activator:176 - 


2025-07-06 16:55:26,603 [INFO] Activator:177 - !SESSION log4j initialized
2025-07-06 16:55:31,591 [INFO] LogOutputStream:77 - [STDOUT_REDIRECT] 
2025-07-06 16:55:35,623 [INFO] ApplicationProperties:184 - Using Application install path: C:\ST\STM32CubeIDE_1.18.1\STM32CubeIDE\plugins\com.st.stm32cube.common.mx_6.14.1.202504091515
2025-07-06 16:55:35,634 [INFO] DbMcusXml:78 - Set database path to: C:\ST\STM32CubeIDE_1.18.1\STM32CubeIDE\plugins\com.st.stm32cube.common.mx_6.14.1.202504091515\\db\/mcu/
2025-07-06 16:55:35,635 [INFO] ApiDb:274 - Set plugin database path to: C:\ST\STM32CubeIDE_1.18.1\STM32CubeIDE\plugins\com.st.stm32cube.common.mx_6.14.1.202504091515\\db\/plugins/boardmanager/
2025-07-06 16:55:35,635 [WARN] ApiDb:259 - Overriding images path with different value:  => C:\ST\STM32CubeIDE_1.18.1\STM32CubeIDE\plugins\com.st.stm32cube.common.mx_6.14.1.202504091515\\db\/plugins/mcufinder/images/
2025-07-06 16:55:35,643 [INFO] ApiDb:250 - Set database path to: C:\Users\barki\.stmcufinder\plugins\mcufinder//mcu/
2025-07-06 16:55:35,643 [INFO] DbMcusAds:125 - Set database path to: C:\Users\barki\.stmcufinder\plugins\mcufinder//mcu/
2025-07-06 16:55:35,645 [INFO] CrossReferenceDbSqlite:203 - Set database path to: C:\Users\barki\.stmcufinder\plugins\mcufinder//mcu/cs/
2025-07-06 16:55:35,724 [INFO] RulesReader:64 - Compatibility file has been processed (302 Rules)
2025-07-06 16:55:35,775 [INFO] DbMcusXml:78 - Set database path to: C:\ST\STM32CubeIDE_1.18.1\STM32CubeIDE\plugins\com.st.stm32cube.common.mx_6.14.1.202504091515\\db\/mcu/
2025-07-06 16:55:35,775 [INFO] ApiDb:274 - Set plugin database path to: C:\ST\STM32CubeIDE_1.18.1\STM32CubeIDE\plugins\com.st.stm32cube.common.mx_6.14.1.202504091515\\db\/plugins/boardmanager/
2025-07-06 16:55:35,775 [INFO] ApiDb:261 - Set plugin images path to: C:\ST\STM32CubeIDE_1.18.1\STM32CubeIDE\plugins\com.st.stm32cube.common.mx_6.14.1.202504091515\\db\/plugins/mcufinder/images/
2025-07-06 16:55:35,775 [WARN] DbFile:41 - Overriding database path with different value: C:\Users\barki\.stmcufinder\plugins\mcufinder/ => C:\Users\barki\.stmcufinder\plugins\mcufinder
2025-07-06 16:55:35,775 [INFO] ApiDb:250 - Set database path to: C:\Users\barki\.stmcufinder\plugins\mcufinder//mcu/
2025-07-06 16:55:35,776 [WARN] DbFile:41 - Overriding database path with different value: C:\Users\barki\.stmcufinder\plugins\mcufinder/ => C:\Users\barki\.stmcufinder\plugins\mcufinder
2025-07-06 16:55:35,776 [INFO] DbMcusAds:125 - Set database path to: C:\Users\barki\.stmcufinder\plugins\mcufinder//mcu/
2025-07-06 16:55:35,776 [WARN] DbFile:41 - Overriding database path with different value: C:\Users\barki\.stmcufinder\plugins\mcufinder/ => C:\Users\barki\.stmcufinder\plugins\mcufinder
2025-07-06 16:55:35,776 [WARN] DbFile:41 - Overriding database path with different value: C:\Users\barki\.stmcufinder\plugins\mcufinder/ => C:\Users\barki\.stmcufinder\plugins\mcufinder
2025-07-06 16:55:35,776 [INFO] CrossReferenceDbSqlite:203 - Set database path to: C:\Users\barki\.stmcufinder\plugins\mcufinder//mcu/cs/
2025-07-06 16:55:35,822 [INFO] MainPanel:272 - HeapMemory: 268435456
2025-07-06 16:55:35,894 [INFO] DbMcusXml:78 - Set database path to: C:\ST\STM32CubeIDE_1.18.1\STM32CubeIDE\plugins\com.st.stm32cube.common.mx_6.14.1.202504091515\\db\/mcu/
2025-07-06 16:55:35,894 [INFO] ApiDb:274 - Set plugin database path to: C:\ST\STM32CubeIDE_1.18.1\STM32CubeIDE\plugins\com.st.stm32cube.common.mx_6.14.1.202504091515\\db\/plugins/boardmanager/
2025-07-06 16:55:35,894 [INFO] ApiDb:261 - Set plugin images path to: C:\ST\STM32CubeIDE_1.18.1\STM32CubeIDE\plugins\com.st.stm32cube.common.mx_6.14.1.202504091515\\db\/plugins/mcufinder/images/
2025-07-06 16:55:35,894 [WARN] DbFile:41 - Overriding database path with different value: C:\Users\barki\.stmcufinder\plugins\mcufinder/ => C:\Users\barki\.stmcufinder\plugins\mcufinder
2025-07-06 16:55:35,894 [INFO] ApiDb:250 - Set database path to: C:\Users\barki\.stmcufinder\plugins\mcufinder//mcu/
2025-07-06 16:55:35,894 [WARN] DbFile:41 - Overriding database path with different value: C:\Users\barki\.stmcufinder\plugins\mcufinder/ => C:\Users\barki\.stmcufinder\plugins\mcufinder
2025-07-06 16:55:35,894 [INFO] DbMcusAds:125 - Set database path to: C:\Users\barki\.stmcufinder\plugins\mcufinder//mcu/
2025-07-06 16:55:35,894 [WARN] DbFile:41 - Overriding database path with different value: C:\Users\barki\.stmcufinder\plugins\mcufinder/ => C:\Users\barki\.stmcufinder\plugins\mcufinder
2025-07-06 16:55:35,894 [WARN] DbFile:41 - Overriding database path with different value: C:\Users\barki\.stmcufinder\plugins\mcufinder/ => C:\Users\barki\.stmcufinder\plugins\mcufinder
2025-07-06 16:55:35,894 [INFO] CrossReferenceDbSqlite:203 - Set database path to: C:\Users\barki\.stmcufinder\plugins\mcufinder//mcu/cs/
2025-07-06 16:55:35,905 [INFO] ApplicationProperties:184 - Using Application install path: C:\ST\STM32CubeIDE_1.18.1\STM32CubeIDE\plugins\com.st.stm32cube.common.mx_6.14.1.202504091515
2025-07-06 16:55:35,906 [INFO] PluginManage:196 - Search for loadable plugins [exclusion list=, ]
2025-07-06 16:55:35,907 [INFO] PluginManage:310 - Check plugin analytics
2025-07-06 16:55:36,049 [INFO] AnalyticsPlugin:253 - Accepted Software Licenses: 
2025-07-06 16:55:36,049 [INFO] AnalyticsPlugin:255 - Accepted CMSIS Pack Licenses: 
2025-07-06 16:55:36,049 [INFO] AnalyticsPlugin:257 - Accepted Firmware Licenses: FW.F4.1.28.0
2025-07-06 16:55:36,052 [INFO] PluginManage:359 - Loaded plugin analytics (category:tool,tabindex:-1)
2025-07-06 16:55:36,053 [INFO] PluginManage:310 - Check plugin cadmodel
2025-07-06 16:55:36,070 [INFO] CADModel:105 - Init CAD model plugin
2025-07-06 16:55:36,070 [INFO] PluginManage:359 - Loaded plugin cadmodel (category:power,tabindex:5)
2025-07-06 16:55:36,071 [INFO] PluginManage:310 - Check plugin clock
2025-07-06 16:55:36,091 [INFO] PluginManage:359 - Loaded plugin clock (category:base,tabindex:2)
2025-07-06 16:55:36,091 [INFO] PluginManage:310 - Check plugin ddr
2025-07-06 16:55:36,093 [INFO] PluginManage:359 - Loaded plugin ddr (category:tool,tabindex:6)
2025-07-06 16:55:36,093 [INFO] PluginManage:310 - Check plugin filemanager
2025-07-06 16:55:36,205 [INFO] PluginManage:359 - Loaded plugin filemanager (category:base,tabindex:10)
2025-07-06 16:55:36,205 [INFO] PluginManage:310 - Check plugin ipmanager
2025-07-06 16:55:36,210 [INFO] PluginManage:359 - Loaded plugin ipmanager (category:base,tabindex:5)
2025-07-06 16:55:36,210 [INFO] PluginManage:310 - Check plugin lpbam
2025-07-06 16:55:36,226 [INFO] PluginManage:359 - Loaded plugin lpbam (category:base,tabindex:0)
2025-07-06 16:55:36,226 [INFO] PluginManage:310 - Check plugin memorymap
2025-07-06 16:55:36,244 [INFO] PluginManage:359 - Loaded plugin memorymap (category:base,tabindex:4)
2025-07-06 16:55:36,244 [INFO] PluginManage:310 - Check plugin pinoutandconfiguration
2025-07-06 16:55:36,262 [INFO] PluginManage:359 - Loaded plugin pinoutandconfiguration (category:base,tabindex:1)
2025-07-06 16:55:36,262 [INFO] PluginManage:310 - Check plugin pinoutconfig
2025-07-06 16:55:36,346 [WARN] SupportedApi:132 - Cannot load RTOS API schema: s4s-elt-must-match.1: The content of 'definitions' must match (annotation?, (simpleType | complexType)?, (unique | key | keyref)*)). A problem was found starting at: attribute.
2025-07-06 16:55:36,445 [INFO] PluginManage:359 - Loaded plugin pinoutconfig (category:base,tabindex:0)
2025-07-06 16:55:36,445 [INFO] PluginManage:310 - Check plugin power
2025-07-06 16:55:36,461 [INFO] PluginManage:359 - Loaded plugin power (category:power,tabindex:4)
2025-07-06 16:55:36,462 [INFO] PluginManage:310 - Check plugin projectmanager
2025-07-06 16:55:36,473 [INFO] PluginManage:359 - Loaded plugin projectmanager (category:projectmanager,tabindex:4)
2025-07-06 16:55:36,473 [INFO] PluginManage:310 - Check plugin rif
2025-07-06 16:55:36,488 [INFO] PluginManage:359 - Loaded plugin rif (category:base,tabindex:3)
2025-07-06 16:55:36,489 [INFO] PluginManage:310 - Check plugin thirdparty
2025-07-06 16:55:36,725 [INFO] PluginManage:359 - Loaded plugin thirdparty (category:base,tabindex:-1)
2025-07-06 16:55:36,725 [WARN] IntegrityCheckThread:84 - waiting for thirdparty lock release [integrity check]
2025-07-06 16:55:36,725 [INFO] IntegrityCheckThread:86 - entering critical section [integrity check]
2025-07-06 16:55:36,725 [INFO] PluginManage:310 - Check plugin tools
2025-07-06 16:55:36,725 [INFO] ThirdPartyUpdaterWithRetryManager:70 - Updater plugin not ready yet. [1/15]
2025-07-06 16:55:36,754 [INFO] PluginManage:359 - Loaded plugin tools (category:base,tabindex:7)
2025-07-06 16:55:36,754 [INFO] PluginManage:310 - Check plugin tutovideos
2025-07-06 16:55:36,902 [INFO] PluginManage:359 - Loaded plugin tutovideos (category:base,tabindex:-1)
2025-07-06 16:55:36,902 [INFO] PluginManage:310 - Check plugin updater
2025-07-06 16:55:36,919 [INFO] PluginManage:359 - Loaded plugin updater (category:base,tabindex:12)
2025-07-06 16:55:36,919 [INFO] PluginManage:310 - Check plugin userauth
2025-07-06 16:55:36,923 [INFO] UserAuth:118 - Init User Auth plugin
2025-07-06 16:55:36,924 [INFO] PluginManage:359 - Loaded plugin userauth (category:base,tabindex:14)
2025-07-06 16:55:36,924 [INFO] PluginManage:283 - PluginManage : Loaded plugins [18]
2025-07-06 16:55:37,071 [INFO] PinOutPanel:1589 - setPackage(No Configuration,No Configuration)
2025-07-06 16:55:37,123 [INFO] CADModel:165 - CPN selected for project level
2025-07-06 16:55:37,123 [INFO] CADModel:114 - Register for checkConnection events
2025-07-06 16:55:37,147 [INFO] IPUIPlugin:80 - create IPUIPlugin
2025-07-06 16:55:37,147 [INFO] PluginManager:220 - loadIPPluginJar : add adc
2025-07-06 16:55:37,177 [INFO] IPUIPlugin:80 - create IPUIPlugin
2025-07-06 16:55:37,177 [INFO] PluginManager:220 - loadIPPluginJar : add aes
2025-07-06 16:55:37,208 [INFO] IPUIPlugin:80 - create IPUIPlugin
2025-07-06 16:55:37,209 [INFO] PluginManager:220 - loadIPPluginJar : add can
2025-07-06 16:55:37,234 [INFO] IPUIPlugin:80 - create IPUIPlugin
2025-07-06 16:55:37,234 [INFO] PluginManager:220 - loadIPPluginJar : add comp
2025-07-06 16:55:37,266 [INFO] IPUIPlugin:80 - create IPUIPlugin
2025-07-06 16:55:37,266 [INFO] PluginManager:220 - loadIPPluginJar : add cryp
2025-07-06 16:55:37,279 [INFO] IPUIPlugin:80 - create IPUIPlugin
2025-07-06 16:55:37,279 [INFO] PluginManager:220 - loadIPPluginJar : add ddr_ctrl_phy
2025-07-06 16:55:37,305 [INFO] IPUIPlugin:80 - create IPUIPlugin
2025-07-06 16:55:37,305 [INFO] PluginManager:220 - loadIPPluginJar : add dfsdm
2025-07-06 16:55:37,317 [INFO] IPUIPlugin:80 - create IPUIPlugin
2025-07-06 16:55:37,318 [INFO] PluginManager:220 - loadIPPluginJar : add dma
2025-07-06 16:55:37,349 [INFO] IPUIPlugin:80 - create IPUIPlugin
2025-07-06 16:55:37,349 [INFO] PluginManager:220 - loadIPPluginJar : add dma3
2025-07-06 16:55:37,385 [INFO] IPUIPlugin:80 - create IPUIPlugin
2025-07-06 16:55:37,385 [INFO] PluginManager:220 - loadIPPluginJar : add extmemmanager
2025-07-06 16:55:37,404 [INFO] IPUIPlugin:80 - create IPUIPlugin
2025-07-06 16:55:37,404 [INFO] PluginManager:220 - loadIPPluginJar : add fatfs
2025-07-06 16:55:37,441 [INFO] IPUIPlugin:80 - create IPUIPlugin
2025-07-06 16:55:37,441 [INFO] PluginManager:220 - loadIPPluginJar : add fmc
2025-07-06 16:55:37,456 [INFO] IPUIPlugin:80 - create IPUIPlugin
2025-07-06 16:55:37,456 [INFO] PluginManager:220 - loadIPPluginJar : add freertos
2025-07-06 16:55:37,475 [INFO] IPUIPlugin:80 - create IPUIPlugin
2025-07-06 16:55:37,476 [INFO] PluginManager:220 - loadIPPluginJar : add genericplugin
2025-07-06 16:55:37,549 [INFO] IPUIPlugin:80 - create IPUIPlugin
2025-07-06 16:55:37,549 [INFO] PluginManager:220 - loadIPPluginJar : add gfxmmu
2025-07-06 16:55:37,651 [INFO] IPUIPlugin:80 - create IPUIPlugin
2025-07-06 16:55:37,651 [INFO] PluginManager:220 - loadIPPluginJar : add gic
2025-07-06 16:55:37,663 [INFO] IPUIPlugin:80 - create IPUIPlugin
2025-07-06 16:55:37,663 [INFO] PluginManager:220 - loadIPPluginJar : add gpio
2025-07-06 16:55:37,733 [INFO] IPUIPlugin:80 - create IPUIPlugin
2025-07-06 16:55:37,733 [INFO] PluginManager:220 - loadIPPluginJar : add gtzc
2025-07-06 16:55:37,761 [INFO] IPUIPlugin:80 - create IPUIPlugin
2025-07-06 16:55:37,761 [INFO] PluginManager:220 - loadIPPluginJar : add hash
2025-07-06 16:55:37,803 [INFO] IPUIPlugin:80 - create IPUIPlugin
2025-07-06 16:55:37,803 [INFO] PluginManager:220 - loadIPPluginJar : add i2c
2025-07-06 16:55:37,837 [INFO] IPUIPlugin:80 - create IPUIPlugin
2025-07-06 16:55:37,837 [INFO] PluginManager:220 - loadIPPluginJar : add i2s
2025-07-06 16:55:37,874 [INFO] IPUIPlugin:80 - create IPUIPlugin
2025-07-06 16:55:37,874 [INFO] PluginManager:220 - loadIPPluginJar : add i3c
2025-07-06 16:55:37,952 [INFO] IPUIPlugin:80 - create IPUIPlugin
2025-07-06 16:55:37,952 [INFO] PluginManager:220 - loadIPPluginJar : add ipddr
2025-07-06 16:55:38,025 [INFO] IPUIPlugin:80 - create IPUIPlugin
2025-07-06 16:55:38,025 [INFO] PluginManager:220 - loadIPPluginJar : add linkedlist
2025-07-06 16:55:38,058 [INFO] IPUIPlugin:80 - create IPUIPlugin
2025-07-06 16:55:38,059 [INFO] PluginManager:220 - loadIPPluginJar : add lorawan
2025-07-06 16:55:38,088 [INFO] IPUIPlugin:80 - create IPUIPlugin
2025-07-06 16:55:38,088 [INFO] PluginManager:220 - loadIPPluginJar : add ltdc
2025-07-06 16:55:38,101 [INFO] IPUIPlugin:80 - create IPUIPlugin
2025-07-06 16:55:38,101 [INFO] PluginManager:220 - loadIPPluginJar : add mdma
2025-07-06 16:55:38,112 [INFO] IPUIPlugin:80 - create IPUIPlugin
2025-07-06 16:55:38,112 [INFO] PluginManager:220 - loadIPPluginJar : add nvic
2025-07-06 16:55:38,148 [INFO] IPUIPlugin:80 - create IPUIPlugin
2025-07-06 16:55:38,148 [INFO] PluginManager:220 - loadIPPluginJar : add opamp
2025-07-06 16:55:38,200 [INFO] IPUIPlugin:80 - create IPUIPlugin
2025-07-06 16:55:38,200 [INFO] PluginManager:220 - loadIPPluginJar : add openamp
2025-07-06 16:55:38,234 [INFO] IPUIPlugin:80 - create IPUIPlugin
2025-07-06 16:55:38,234 [INFO] PluginManager:220 - loadIPPluginJar : add pdm2pcm
2025-07-06 16:55:38,246 [INFO] IPUIPlugin:80 - create IPUIPlugin
2025-07-06 16:55:38,248 [INFO] PluginManager:220 - loadIPPluginJar : add plateformsettings
2025-07-06 16:55:38,268 [INFO] IPUIPlugin:80 - create IPUIPlugin
2025-07-06 16:55:38,268 [INFO] PluginManager:220 - loadIPPluginJar : add quadspi
2025-07-06 16:55:38,290 [INFO] IPUIPlugin:80 - create IPUIPlugin
2025-07-06 16:55:38,290 [INFO] PluginManager:220 - loadIPPluginJar : add radio
2025-07-06 16:55:38,301 [INFO] IPUIPlugin:80 - create IPUIPlugin
2025-07-06 16:55:38,301 [INFO] PluginManager:220 - loadIPPluginJar : add resmgrutility
2025-07-06 16:55:38,338 [INFO] IPUIPlugin:80 - create IPUIPlugin
2025-07-06 16:55:38,338 [INFO] PluginManager:220 - loadIPPluginJar : add sai
2025-07-06 16:55:38,370 [INFO] IPUIPlugin:80 - create IPUIPlugin
2025-07-06 16:55:38,370 [INFO] PluginManager:220 - loadIPPluginJar : add spi
2025-07-06 16:55:38,428 [INFO] IPUIPlugin:80 - create IPUIPlugin
2025-07-06 16:55:38,428 [INFO] PluginManager:220 - loadIPPluginJar : add stm32_wpan
2025-07-06 16:55:38,448 [INFO] IPUIPlugin:80 - create IPUIPlugin
2025-07-06 16:55:38,449 [INFO] PluginManager:220 - loadIPPluginJar : add tim
2025-07-06 16:55:38,496 [INFO] IPUIPlugin:80 - create IPUIPlugin
2025-07-06 16:55:38,496 [INFO] PluginManager:220 - loadIPPluginJar : add touchsensing
2025-07-06 16:55:38,524 [INFO] IPUIPlugin:80 - create IPUIPlugin
2025-07-06 16:55:38,524 [INFO] PluginManager:220 - loadIPPluginJar : add tracer_emb
2025-07-06 16:55:38,545 [INFO] IPUIPlugin:80 - create IPUIPlugin
2025-07-06 16:55:38,545 [INFO] PluginManager:220 - loadIPPluginJar : add ts
2025-07-06 16:55:38,565 [INFO] IPUIPlugin:80 - create IPUIPlugin
2025-07-06 16:55:38,565 [INFO] PluginManager:220 - loadIPPluginJar : add tsc
2025-07-06 16:55:38,583 [INFO] IPUIPlugin:80 - create IPUIPlugin
2025-07-06 16:55:38,583 [INFO] PluginManager:220 - loadIPPluginJar : add ucpd
2025-07-06 16:55:38,618 [INFO] IPUIPlugin:80 - create IPUIPlugin
2025-07-06 16:55:38,618 [INFO] PluginManager:220 - loadIPPluginJar : add usart
2025-07-06 16:55:38,654 [INFO] IPUIPlugin:80 - create IPUIPlugin
2025-07-06 16:55:38,654 [INFO] PluginManager:220 - loadIPPluginJar : add usbx
2025-07-06 16:55:38,781 [FATAL] Updater:351 - Updater called before beeing initialized
2025-07-06 16:55:38,801 [INFO] RulesReader:64 - Compatibility file has been processed (302 Rules)
2025-07-06 16:55:38,810 [INFO] RulesReader:64 - Compatibility file has been processed (302 Rules)
2025-07-06 16:55:38,818 [INFO] CADModel:165 - CPN selected for project level
2025-07-06 16:55:38,818 [INFO] CADModel:114 - Register for checkConnection events
2025-07-06 16:55:38,818 [FATAL] Updater:351 - Updater called before beeing initialized
2025-07-06 16:55:38,818 [ERROR] CADModel:125 - Updater not yet initialized, retry later 
2025-07-06 16:55:38,917 [FATAL] Updater:351 - Updater called before beeing initialized
2025-07-06 16:55:38,918 [INFO] CADModel:165 - CPN selected for project level
2025-07-06 16:55:38,918 [INFO] CADModel:114 - Register for checkConnection events
2025-07-06 16:55:38,918 [FATAL] Updater:351 - Updater called before beeing initialized
2025-07-06 16:55:38,918 [ERROR] CADModel:125 - Updater not yet initialized, retry later 
2025-07-06 16:55:38,921 [FATAL] Updater:351 - Updater called before beeing initialized
2025-07-06 16:55:39,033 [FATAL] Updater:351 - Updater called before beeing initialized
2025-07-06 16:55:39,042 [INFO] DbMcusAds:53 - JSON generation date=Thu Jun 19 11:32:37 TRT 2025 (1750321957418)
2025-07-06 16:55:39,042 [FATAL] Updater:351 - Updater called before beeing initialized
2025-07-06 16:55:39,068 [WARN] DetailPanel:346 - Failed to get advertising image, set to default
2025-07-06 16:55:39,217 [FATAL] Updater:351 - Updater called before beeing initialized
2025-07-06 16:55:39,219 [FATAL] Updater:351 - Updater called before beeing initialized
2025-07-06 16:55:39,219 [FATAL] Updater:351 - Updater called before beeing initialized
2025-07-06 16:55:39,220 [WARN] DetailPanel:346 - Failed to get advertising image, set to default
2025-07-06 16:55:39,220 [FATAL] Updater:351 - Updater called before beeing initialized
2025-07-06 16:55:39,266 [ERROR] Updater:1198 - MainUpdater not yet initialized. External WinMGr cannot be set.
2025-07-06 16:55:39,274 [INFO] Updater:1134 - Updater Version found : 6.14.1
2025-07-06 16:55:39,286 [INFO] ApplicationProperties:184 - Using Application install path: C:\ST\STM32CubeIDE_1.18.1\STM32CubeIDE\plugins\com.st.stm32cube.common.mx_6.14.1.202504091515
2025-07-06 16:55:39,726 [INFO] ThirdPartyUpdaterWithRetryManager:70 - Updater plugin not ready yet. [2/15]
2025-07-06 16:55:40,864 [ERROR] LogOutputStream:75 - [STDERR_REDIRECT] Jul 06, 2025 4:55:40 PM java.util.prefs.WindowsPreferences <init>
2025-07-06 16:55:40,866 [ERROR] LogOutputStream:75 - [STDERR_REDIRECT] WARNING: Could not open/create prefs root node Software\JavaSoft\Prefs at root 0xffffffff80000002. Windows RegCreateKeyEx(...) returned error code 5.
2025-07-06 16:55:40,866 [ERROR] LogOutputStream:75 - [STDERR_REDIRECT] 
2025-07-06 16:55:41,184 [INFO] MainUpdater:2872 - connection check result : 10
2025-07-06 16:55:41,184 [INFO] MainUpdater:289 - Updater Check For Update Now.
2025-07-06 16:55:41,185 [INFO] MicroXplorer:498 - Change Database Version : DB.6.0.141
2025-07-06 16:55:41,209 [INFO] McuFinderGlobals:63 - Set McuFinder mode to 2 (CubeIDE integrated)
2025-07-06 16:55:41,210 [INFO] UserAuth:171 - activating auth plugin
2025-07-06 16:55:41,213 [INFO] UserAuth:484 - Internet connection configuration mode: 1
2025-07-06 16:55:41,247 [INFO] JxBrowserEngine:152 - Initiate JxBrowser Engine with user profile folder
2025-07-06 16:55:41,371 [INFO] CheckServerUpdateThread:120 - End of CheckServer Thread
2025-07-06 16:55:42,855 [WARN] PackLoader:240 - Cannot read IP mode file for STMicroelectronics.FP-SNS-MOTENVWB1.1.4.0
2025-07-06 16:55:42,870 [WARN] PackLoader:240 - Cannot read IP mode file for STMicroelectronics.X-CUBE-SMBUS.2.1.0
2025-07-06 16:55:42,883 [WARN] PackLoader:240 - Cannot read IP mode file for STMicroelectronics.X-CUBE-DISPLAY.3.0.0
2025-07-06 16:55:42,902 [WARN] PackLoader:240 - Cannot read IP mode file for STMicroelectronics.X-CUBE-NFC10.1.0.0
2025-07-06 16:55:42,923 [WARN] PackLoader:240 - Cannot read IP mode file for STMicroelectronics.X-CUBE-BLEMGR.4.0.0
2025-07-06 16:55:42,981 [WARN] PackLoader:240 - Cannot read IP mode file for STMicroelectronics.FP-SNS-SMARTAG2.1.2.0
2025-07-06 16:55:43,005 [WARN] PackLoader:240 - Cannot read IP mode file for STMicroelectronics.FP-SNS-MOTENV1.5.0.0
2025-07-06 16:55:43,017 [WARN] PackLoader:240 - Cannot read IP mode file for STMicroelectronics.X-CUBE-BLE2.3.3.0
2025-07-06 16:55:43,028 [WARN] PackLoader:240 - Cannot read IP mode file for STMicroelectronics.X-CUBE-NFC9.1.0.0
2025-07-06 16:55:43,040 [WARN] PackLoader:240 - Cannot read IP mode file for STMicroelectronics.X-CUBE-SAFEA1.1.2.2
2025-07-06 16:55:43,052 [WARN] PackLoader:240 - Cannot read IP mode file for STMicroelectronics.X-CUBE-NFC4.3.0.0
2025-07-06 16:55:43,064 [WARN] PackLoader:240 - Cannot read IP mode file for STMicroelectronics.X-CUBE-TCPP.4.2.0
2025-07-06 16:55:43,075 [WARN] PackLoader:240 - Cannot read IP mode file for STMicroelectronics.FP-ATR-SIGFOX1.3.2.0
2025-07-06 16:55:43,087 [WARN] PackLoader:240 - Cannot read IP mode file for STMicroelectronics.X-CUBE-EEPRMA1.5.1.0
2025-07-06 16:55:43,101 [WARN] PackLoader:240 - Cannot read IP mode file for STMicroelectronics.X-CUBE-ISPU.2.1.0
2025-07-06 16:55:43,113 [WARN] PackLoader:240 - Cannot read IP mode file for STMicroelectronics.X-CUBE-NFC6.3.1.0
2025-07-06 16:55:43,126 [WARN] PackLoader:240 - Cannot read IP mode file for STMicroelectronics.X-CUBE-SFXS2LP1.4.0.0
2025-07-06 16:55:43,138 [WARN] PackLoader:240 - Cannot read IP mode file for STMicroelectronics.X-CUBE-GNSS1.7.0.1
2025-07-06 16:55:43,150 [WARN] PackLoader:240 - Cannot read IP mode file for STMicroelectronics.FP-SNS-STBOX1.2.0.0
2025-07-06 16:55:43,165 [WARN] PackLoader:240 - Cannot read IP mode file for STMicroelectronics.X-CUBE-SUBG2.5.0.0
2025-07-06 16:55:43,180 [WARN] PackLoader:240 - Cannot read IP mode file for STMicroelectronics.X-CUBE-IPS.3.1.0
2025-07-06 16:55:43,193 [WARN] PackLoader:240 - Cannot read IP mode file for STMicroelectronics.X-CUBE-ALS.1.0.2
2025-07-06 16:55:43,193 [INFO] ThirdParty:978 - Integrity check success = true
2025-07-06 16:55:43,193 [INFO] IntegrityCheckThread:100 - exiting critical section [integrity check]
2025-07-06 16:55:43,193 [INFO] IntegrityCheckThread:103 - End integrity checks thread
2025-07-06 16:55:43,901 [INFO] WebApp:169 - Instantiating new browser for Auth
2025-07-06 16:55:44,337 [INFO] WebApp:463 - Apply proxy settings
2025-07-06 16:55:44,338 [INFO] WebApp:548 - Chromium requires no authentication
2025-07-06 16:55:44,344 [INFO] WebApp:491 - Direct internet connection detected
2025-07-06 16:55:44,361 [INFO] WebApp:894 - Register for checkConnection events
2025-07-06 16:55:44,361 [INFO] WebApp:463 - Apply proxy settings
2025-07-06 16:55:44,361 [INFO] WebApp:548 - Chromium requires no authentication
2025-07-06 16:55:44,362 [INFO] WebApp:491 - Direct internet connection detected
2025-07-06 16:55:44,480 [INFO] WebApp:225 - Starting web application
2025-07-06 16:55:44,480 [INFO] WebApp:593 - Web application path used C:\ST\STM32CubeIDE_1.18.1\STM32CubeIDE\plugins\com.st.stm32cube.common.mx_6.14.1.202504091515\db\plugins\mcufinder\reactClient1\index.html
2025-07-06 16:55:44,655 [INFO] WebApp:191 - Connection restablished
2025-07-06 17:23:56,660 [ERROR] LogOutputStream:75 - [STDERR_REDIRECT] 
2025-07-06 17:23:56,661 [ERROR] LogOutputStream:75 - [STDERR_REDIRECT] 
2025-07-06 17:24:00,937 [INFO] Activator:176 - 


2025-07-06 17:24:00,938 [INFO] Activator:177 - !SESSION log4j initialized
2025-07-06 17:24:04,771 [INFO] LogOutputStream:77 - [STDOUT_REDIRECT] 
2025-07-06 17:24:05,446 [INFO] ApplicationProperties:184 - Using Application install path: C:\ST\STM32CubeIDE_1.18.1\STM32CubeIDE\plugins\com.st.stm32cube.common.mx_6.14.1.202504091515
2025-07-06 17:24:05,457 [INFO] DbMcusXml:78 - Set database path to: C:\ST\STM32CubeIDE_1.18.1\STM32CubeIDE\plugins\com.st.stm32cube.common.mx_6.14.1.202504091515\\db\/mcu/
2025-07-06 17:24:05,457 [INFO] ApiDb:274 - Set plugin database path to: C:\ST\STM32CubeIDE_1.18.1\STM32CubeIDE\plugins\com.st.stm32cube.common.mx_6.14.1.202504091515\\db\/plugins/boardmanager/
2025-07-06 17:24:05,457 [WARN] ApiDb:259 - Overriding images path with different value:  => C:\ST\STM32CubeIDE_1.18.1\STM32CubeIDE\plugins\com.st.stm32cube.common.mx_6.14.1.202504091515\\db\/plugins/mcufinder/images/
2025-07-06 17:24:05,460 [INFO] ApiDb:250 - Set database path to: C:\Users\barki\.stmcufinder\plugins\mcufinder//mcu/
2025-07-06 17:24:05,460 [INFO] DbMcusAds:125 - Set database path to: C:\Users\barki\.stmcufinder\plugins\mcufinder//mcu/
2025-07-06 17:24:05,462 [INFO] CrossReferenceDbSqlite:203 - Set database path to: C:\Users\barki\.stmcufinder\plugins\mcufinder//mcu/cs/
2025-07-06 17:24:05,523 [INFO] RulesReader:64 - Compatibility file has been processed (302 Rules)
2025-07-06 17:24:05,575 [INFO] DbMcusXml:78 - Set database path to: C:\ST\STM32CubeIDE_1.18.1\STM32CubeIDE\plugins\com.st.stm32cube.common.mx_6.14.1.202504091515\\db\/mcu/
2025-07-06 17:24:05,575 [INFO] ApiDb:274 - Set plugin database path to: C:\ST\STM32CubeIDE_1.18.1\STM32CubeIDE\plugins\com.st.stm32cube.common.mx_6.14.1.202504091515\\db\/plugins/boardmanager/
2025-07-06 17:24:05,575 [INFO] ApiDb:261 - Set plugin images path to: C:\ST\STM32CubeIDE_1.18.1\STM32CubeIDE\plugins\com.st.stm32cube.common.mx_6.14.1.202504091515\\db\/plugins/mcufinder/images/
2025-07-06 17:24:05,575 [WARN] DbFile:41 - Overriding database path with different value: C:\Users\barki\.stmcufinder\plugins\mcufinder/ => C:\Users\barki\.stmcufinder\plugins\mcufinder
2025-07-06 17:24:05,575 [INFO] ApiDb:250 - Set database path to: C:\Users\barki\.stmcufinder\plugins\mcufinder//mcu/
2025-07-06 17:24:05,575 [WARN] DbFile:41 - Overriding database path with different value: C:\Users\barki\.stmcufinder\plugins\mcufinder/ => C:\Users\barki\.stmcufinder\plugins\mcufinder
2025-07-06 17:24:05,576 [INFO] DbMcusAds:125 - Set database path to: C:\Users\barki\.stmcufinder\plugins\mcufinder//mcu/
2025-07-06 17:24:05,576 [WARN] DbFile:41 - Overriding database path with different value: C:\Users\barki\.stmcufinder\plugins\mcufinder/ => C:\Users\barki\.stmcufinder\plugins\mcufinder
2025-07-06 17:24:05,576 [WARN] DbFile:41 - Overriding database path with different value: C:\Users\barki\.stmcufinder\plugins\mcufinder/ => C:\Users\barki\.stmcufinder\plugins\mcufinder
2025-07-06 17:24:05,576 [INFO] CrossReferenceDbSqlite:203 - Set database path to: C:\Users\barki\.stmcufinder\plugins\mcufinder//mcu/cs/
2025-07-06 17:24:05,615 [INFO] MainPanel:272 - HeapMemory: 268435456
2025-07-06 17:24:05,663 [INFO] DbMcusXml:78 - Set database path to: C:\ST\STM32CubeIDE_1.18.1\STM32CubeIDE\plugins\com.st.stm32cube.common.mx_6.14.1.202504091515\\db\/mcu/
2025-07-06 17:24:05,663 [INFO] ApiDb:274 - Set plugin database path to: C:\ST\STM32CubeIDE_1.18.1\STM32CubeIDE\plugins\com.st.stm32cube.common.mx_6.14.1.202504091515\\db\/plugins/boardmanager/
2025-07-06 17:24:05,663 [INFO] ApiDb:261 - Set plugin images path to: C:\ST\STM32CubeIDE_1.18.1\STM32CubeIDE\plugins\com.st.stm32cube.common.mx_6.14.1.202504091515\\db\/plugins/mcufinder/images/
2025-07-06 17:24:05,663 [WARN] DbFile:41 - Overriding database path with different value: C:\Users\barki\.stmcufinder\plugins\mcufinder/ => C:\Users\barki\.stmcufinder\plugins\mcufinder
2025-07-06 17:24:05,663 [INFO] ApiDb:250 - Set database path to: C:\Users\barki\.stmcufinder\plugins\mcufinder//mcu/
2025-07-06 17:24:05,663 [WARN] DbFile:41 - Overriding database path with different value: C:\Users\barki\.stmcufinder\plugins\mcufinder/ => C:\Users\barki\.stmcufinder\plugins\mcufinder
2025-07-06 17:24:05,663 [INFO] DbMcusAds:125 - Set database path to: C:\Users\barki\.stmcufinder\plugins\mcufinder//mcu/
2025-07-06 17:24:05,663 [WARN] DbFile:41 - Overriding database path with different value: C:\Users\barki\.stmcufinder\plugins\mcufinder/ => C:\Users\barki\.stmcufinder\plugins\mcufinder
2025-07-06 17:24:05,663 [WARN] DbFile:41 - Overriding database path with different value: C:\Users\barki\.stmcufinder\plugins\mcufinder/ => C:\Users\barki\.stmcufinder\plugins\mcufinder
2025-07-06 17:24:05,663 [INFO] CrossReferenceDbSqlite:203 - Set database path to: C:\Users\barki\.stmcufinder\plugins\mcufinder//mcu/cs/
2025-07-06 17:24:05,673 [INFO] ApplicationProperties:184 - Using Application install path: C:\ST\STM32CubeIDE_1.18.1\STM32CubeIDE\plugins\com.st.stm32cube.common.mx_6.14.1.202504091515
2025-07-06 17:24:05,674 [INFO] PluginManage:196 - Search for loadable plugins [exclusion list=, ]
2025-07-06 17:24:05,675 [INFO] PluginManage:310 - Check plugin analytics
2025-07-06 17:24:05,805 [INFO] AnalyticsPlugin:253 - Accepted Software Licenses: 
2025-07-06 17:24:05,806 [INFO] AnalyticsPlugin:255 - Accepted CMSIS Pack Licenses: 
2025-07-06 17:24:05,806 [INFO] AnalyticsPlugin:257 - Accepted Firmware Licenses: FW.F4.1.28.0
2025-07-06 17:24:05,809 [INFO] PluginManage:359 - Loaded plugin analytics (category:tool,tabindex:-1)
2025-07-06 17:24:05,809 [INFO] PluginManage:310 - Check plugin cadmodel
2025-07-06 17:24:05,812 [INFO] CADModel:105 - Init CAD model plugin
2025-07-06 17:24:05,813 [INFO] PluginManage:359 - Loaded plugin cadmodel (category:power,tabindex:5)
2025-07-06 17:24:05,813 [INFO] PluginManage:310 - Check plugin clock
2025-07-06 17:24:05,819 [INFO] PluginManage:359 - Loaded plugin clock (category:base,tabindex:2)
2025-07-06 17:24:05,819 [INFO] PluginManage:310 - Check plugin ddr
2025-07-06 17:24:05,821 [INFO] PluginManage:359 - Loaded plugin ddr (category:tool,tabindex:6)
2025-07-06 17:24:05,821 [INFO] PluginManage:310 - Check plugin filemanager
2025-07-06 17:24:05,922 [INFO] PluginManage:359 - Loaded plugin filemanager (category:base,tabindex:10)
2025-07-06 17:24:05,922 [INFO] PluginManage:310 - Check plugin ipmanager
2025-07-06 17:24:05,928 [INFO] PluginManage:359 - Loaded plugin ipmanager (category:base,tabindex:5)
2025-07-06 17:24:05,928 [INFO] PluginManage:310 - Check plugin lpbam
2025-07-06 17:24:05,933 [INFO] PluginManage:359 - Loaded plugin lpbam (category:base,tabindex:0)
2025-07-06 17:24:05,933 [INFO] PluginManage:310 - Check plugin memorymap
2025-07-06 17:24:05,941 [INFO] PluginManage:359 - Loaded plugin memorymap (category:base,tabindex:4)
2025-07-06 17:24:05,941 [INFO] PluginManage:310 - Check plugin pinoutandconfiguration
2025-07-06 17:24:05,946 [INFO] PluginManage:359 - Loaded plugin pinoutandconfiguration (category:base,tabindex:1)
2025-07-06 17:24:05,946 [INFO] PluginManage:310 - Check plugin pinoutconfig
2025-07-06 17:24:05,997 [WARN] SupportedApi:132 - Cannot load RTOS API schema: s4s-elt-must-match.1: The content of 'definitions' must match (annotation?, (simpleType | complexType)?, (unique | key | keyref)*)). A problem was found starting at: attribute.
2025-07-06 17:24:06,076 [INFO] PluginManage:359 - Loaded plugin pinoutconfig (category:base,tabindex:0)
2025-07-06 17:24:06,076 [INFO] PluginManage:310 - Check plugin power
2025-07-06 17:24:06,081 [INFO] PluginManage:359 - Loaded plugin power (category:power,tabindex:4)
2025-07-06 17:24:06,081 [INFO] PluginManage:310 - Check plugin projectmanager
2025-07-06 17:24:06,091 [INFO] PluginManage:359 - Loaded plugin projectmanager (category:projectmanager,tabindex:4)
2025-07-06 17:24:06,091 [INFO] PluginManage:310 - Check plugin rif
2025-07-06 17:24:06,095 [INFO] PluginManage:359 - Loaded plugin rif (category:base,tabindex:3)
2025-07-06 17:24:06,095 [INFO] PluginManage:310 - Check plugin thirdparty
2025-07-06 17:24:06,184 [INFO] PluginManage:359 - Loaded plugin thirdparty (category:base,tabindex:-1)
2025-07-06 17:24:06,184 [INFO] PluginManage:310 - Check plugin tools
2025-07-06 17:24:06,184 [WARN] IntegrityCheckThread:84 - waiting for thirdparty lock release [integrity check]
2025-07-06 17:24:06,184 [INFO] IntegrityCheckThread:86 - entering critical section [integrity check]
2025-07-06 17:24:06,184 [INFO] ThirdPartyUpdaterWithRetryManager:70 - Updater plugin not ready yet. [1/15]
2025-07-06 17:24:06,185 [INFO] PluginManage:359 - Loaded plugin tools (category:base,tabindex:7)
2025-07-06 17:24:06,186 [INFO] PluginManage:310 - Check plugin tutovideos
2025-07-06 17:24:06,288 [INFO] PluginManage:359 - Loaded plugin tutovideos (category:base,tabindex:-1)
2025-07-06 17:24:06,288 [INFO] PluginManage:310 - Check plugin updater
2025-07-06 17:24:06,307 [INFO] PluginManage:359 - Loaded plugin updater (category:base,tabindex:12)
2025-07-06 17:24:06,307 [INFO] PluginManage:310 - Check plugin userauth
2025-07-06 17:24:06,309 [INFO] UserAuth:118 - Init User Auth plugin
2025-07-06 17:24:06,310 [INFO] PluginManage:359 - Loaded plugin userauth (category:base,tabindex:14)
2025-07-06 17:24:06,310 [INFO] PluginManage:283 - PluginManage : Loaded plugins [18]
2025-07-06 17:24:06,451 [INFO] PinOutPanel:1589 - setPackage(No Configuration,No Configuration)
2025-07-06 17:24:06,501 [INFO] CADModel:165 - CPN selected for project level
2025-07-06 17:24:06,501 [INFO] CADModel:114 - Register for checkConnection events
2025-07-06 17:24:06,515 [INFO] IPUIPlugin:80 - create IPUIPlugin
2025-07-06 17:24:06,515 [INFO] PluginManager:220 - loadIPPluginJar : add adc
2025-07-06 17:24:06,517 [INFO] IPUIPlugin:80 - create IPUIPlugin
2025-07-06 17:24:06,518 [INFO] PluginManager:220 - loadIPPluginJar : add aes
2025-07-06 17:24:06,520 [INFO] IPUIPlugin:80 - create IPUIPlugin
2025-07-06 17:24:06,520 [INFO] PluginManager:220 - loadIPPluginJar : add can
2025-07-06 17:24:06,522 [INFO] IPUIPlugin:80 - create IPUIPlugin
2025-07-06 17:24:06,522 [INFO] PluginManager:220 - loadIPPluginJar : add comp
2025-07-06 17:24:06,523 [INFO] IPUIPlugin:80 - create IPUIPlugin
2025-07-06 17:24:06,523 [INFO] PluginManager:220 - loadIPPluginJar : add cryp
2025-07-06 17:24:06,525 [INFO] IPUIPlugin:80 - create IPUIPlugin
2025-07-06 17:24:06,525 [INFO] PluginManager:220 - loadIPPluginJar : add ddr_ctrl_phy
2025-07-06 17:24:06,527 [INFO] IPUIPlugin:80 - create IPUIPlugin
2025-07-06 17:24:06,527 [INFO] PluginManager:220 - loadIPPluginJar : add dfsdm
2025-07-06 17:24:06,531 [INFO] IPUIPlugin:80 - create IPUIPlugin
2025-07-06 17:24:06,531 [INFO] PluginManager:220 - loadIPPluginJar : add dma
2025-07-06 17:24:06,533 [INFO] IPUIPlugin:80 - create IPUIPlugin
2025-07-06 17:24:06,533 [INFO] PluginManager:220 - loadIPPluginJar : add dma3
2025-07-06 17:24:06,534 [INFO] IPUIPlugin:80 - create IPUIPlugin
2025-07-06 17:24:06,534 [INFO] PluginManager:220 - loadIPPluginJar : add extmemmanager
2025-07-06 17:24:06,535 [INFO] IPUIPlugin:80 - create IPUIPlugin
2025-07-06 17:24:06,536 [INFO] PluginManager:220 - loadIPPluginJar : add fatfs
2025-07-06 17:24:06,539 [INFO] IPUIPlugin:80 - create IPUIPlugin
2025-07-06 17:24:06,539 [INFO] PluginManager:220 - loadIPPluginJar : add fmc
2025-07-06 17:24:06,542 [INFO] IPUIPlugin:80 - create IPUIPlugin
2025-07-06 17:24:06,542 [INFO] PluginManager:220 - loadIPPluginJar : add freertos
2025-07-06 17:24:06,543 [INFO] IPUIPlugin:80 - create IPUIPlugin
2025-07-06 17:24:06,543 [INFO] PluginManager:220 - loadIPPluginJar : add genericplugin
2025-07-06 17:24:06,544 [INFO] IPUIPlugin:80 - create IPUIPlugin
2025-07-06 17:24:06,544 [INFO] PluginManager:220 - loadIPPluginJar : add gfxmmu
2025-07-06 17:24:06,548 [INFO] IPUIPlugin:80 - create IPUIPlugin
2025-07-06 17:24:06,548 [INFO] PluginManager:220 - loadIPPluginJar : add gic
2025-07-06 17:24:06,550 [INFO] IPUIPlugin:80 - create IPUIPlugin
2025-07-06 17:24:06,550 [INFO] PluginManager:220 - loadIPPluginJar : add gpio
2025-07-06 17:24:06,552 [INFO] IPUIPlugin:80 - create IPUIPlugin
2025-07-06 17:24:06,552 [INFO] PluginManager:220 - loadIPPluginJar : add gtzc
2025-07-06 17:24:06,554 [INFO] IPUIPlugin:80 - create IPUIPlugin
2025-07-06 17:24:06,554 [INFO] PluginManager:220 - loadIPPluginJar : add hash
2025-07-06 17:24:06,555 [INFO] IPUIPlugin:80 - create IPUIPlugin
2025-07-06 17:24:06,555 [INFO] PluginManager:220 - loadIPPluginJar : add i2c
2025-07-06 17:24:06,557 [INFO] IPUIPlugin:80 - create IPUIPlugin
2025-07-06 17:24:06,557 [INFO] PluginManager:220 - loadIPPluginJar : add i2s
2025-07-06 17:24:06,559 [INFO] IPUIPlugin:80 - create IPUIPlugin
2025-07-06 17:24:06,559 [INFO] PluginManager:220 - loadIPPluginJar : add i3c
2025-07-06 17:24:06,562 [INFO] IPUIPlugin:80 - create IPUIPlugin
2025-07-06 17:24:06,563 [INFO] PluginManager:220 - loadIPPluginJar : add ipddr
2025-07-06 17:24:06,568 [INFO] IPUIPlugin:80 - create IPUIPlugin
2025-07-06 17:24:06,568 [INFO] PluginManager:220 - loadIPPluginJar : add linkedlist
2025-07-06 17:24:06,572 [INFO] IPUIPlugin:80 - create IPUIPlugin
2025-07-06 17:24:06,572 [INFO] PluginManager:220 - loadIPPluginJar : add lorawan
2025-07-06 17:24:06,573 [INFO] IPUIPlugin:80 - create IPUIPlugin
2025-07-06 17:24:06,573 [INFO] PluginManager:220 - loadIPPluginJar : add ltdc
2025-07-06 17:24:06,577 [INFO] IPUIPlugin:80 - create IPUIPlugin
2025-07-06 17:24:06,577 [INFO] PluginManager:220 - loadIPPluginJar : add mdma
2025-07-06 17:24:06,579 [INFO] IPUIPlugin:80 - create IPUIPlugin
2025-07-06 17:24:06,579 [INFO] PluginManager:220 - loadIPPluginJar : add nvic
2025-07-06 17:24:06,582 [INFO] IPUIPlugin:80 - create IPUIPlugin
2025-07-06 17:24:06,582 [INFO] PluginManager:220 - loadIPPluginJar : add opamp
2025-07-06 17:24:06,584 [INFO] IPUIPlugin:80 - create IPUIPlugin
2025-07-06 17:24:06,584 [INFO] PluginManager:220 - loadIPPluginJar : add openamp
2025-07-06 17:24:06,586 [INFO] IPUIPlugin:80 - create IPUIPlugin
2025-07-06 17:24:06,586 [INFO] PluginManager:220 - loadIPPluginJar : add pdm2pcm
2025-07-06 17:24:06,590 [INFO] IPUIPlugin:80 - create IPUIPlugin
2025-07-06 17:24:06,592 [INFO] PluginManager:220 - loadIPPluginJar : add plateformsettings
2025-07-06 17:24:06,594 [INFO] IPUIPlugin:80 - create IPUIPlugin
2025-07-06 17:24:06,594 [INFO] PluginManager:220 - loadIPPluginJar : add quadspi
2025-07-06 17:24:06,596 [INFO] IPUIPlugin:80 - create IPUIPlugin
2025-07-06 17:24:06,597 [INFO] PluginManager:220 - loadIPPluginJar : add radio
2025-07-06 17:24:06,599 [INFO] IPUIPlugin:80 - create IPUIPlugin
2025-07-06 17:24:06,599 [INFO] PluginManager:220 - loadIPPluginJar : add resmgrutility
2025-07-06 17:24:06,602 [INFO] IPUIPlugin:80 - create IPUIPlugin
2025-07-06 17:24:06,602 [INFO] PluginManager:220 - loadIPPluginJar : add sai
2025-07-06 17:24:06,604 [INFO] IPUIPlugin:80 - create IPUIPlugin
2025-07-06 17:24:06,604 [INFO] PluginManager:220 - loadIPPluginJar : add spi
2025-07-06 17:24:06,608 [INFO] IPUIPlugin:80 - create IPUIPlugin
2025-07-06 17:24:06,608 [INFO] PluginManager:220 - loadIPPluginJar : add stm32_wpan
2025-07-06 17:24:06,609 [INFO] IPUIPlugin:80 - create IPUIPlugin
2025-07-06 17:24:06,610 [INFO] PluginManager:220 - loadIPPluginJar : add tim
2025-07-06 17:24:06,612 [INFO] IPUIPlugin:80 - create IPUIPlugin
2025-07-06 17:24:06,612 [INFO] PluginManager:220 - loadIPPluginJar : add touchsensing
2025-07-06 17:24:06,613 [INFO] IPUIPlugin:80 - create IPUIPlugin
2025-07-06 17:24:06,613 [INFO] PluginManager:220 - loadIPPluginJar : add tracer_emb
2025-07-06 17:24:06,614 [INFO] IPUIPlugin:80 - create IPUIPlugin
2025-07-06 17:24:06,614 [INFO] PluginManager:220 - loadIPPluginJar : add ts
2025-07-06 17:24:06,615 [INFO] IPUIPlugin:80 - create IPUIPlugin
2025-07-06 17:24:06,615 [INFO] PluginManager:220 - loadIPPluginJar : add tsc
2025-07-06 17:24:06,617 [INFO] IPUIPlugin:80 - create IPUIPlugin
2025-07-06 17:24:06,617 [INFO] PluginManager:220 - loadIPPluginJar : add ucpd
2025-07-06 17:24:06,620 [INFO] IPUIPlugin:80 - create IPUIPlugin
2025-07-06 17:24:06,620 [INFO] PluginManager:220 - loadIPPluginJar : add usart
2025-07-06 17:24:06,622 [INFO] IPUIPlugin:80 - create IPUIPlugin
2025-07-06 17:24:06,622 [INFO] PluginManager:220 - loadIPPluginJar : add usbx
2025-07-06 17:24:06,735 [FATAL] Updater:351 - Updater called before beeing initialized
2025-07-06 17:24:06,753 [INFO] RulesReader:64 - Compatibility file has been processed (302 Rules)
2025-07-06 17:24:06,759 [INFO] RulesReader:64 - Compatibility file has been processed (302 Rules)
2025-07-06 17:24:06,765 [INFO] CADModel:165 - CPN selected for project level
2025-07-06 17:24:06,765 [INFO] CADModel:114 - Register for checkConnection events
2025-07-06 17:24:06,765 [FATAL] Updater:351 - Updater called before beeing initialized
2025-07-06 17:24:06,765 [ERROR] CADModel:125 - Updater not yet initialized, retry later 
2025-07-06 17:24:06,846 [FATAL] Updater:351 - Updater called before beeing initialized
2025-07-06 17:24:06,847 [INFO] CADModel:165 - CPN selected for project level
2025-07-06 17:24:06,847 [INFO] CADModel:114 - Register for checkConnection events
2025-07-06 17:24:06,847 [FATAL] Updater:351 - Updater called before beeing initialized
2025-07-06 17:24:06,847 [ERROR] CADModel:125 - Updater not yet initialized, retry later 
2025-07-06 17:24:06,850 [FATAL] Updater:351 - Updater called before beeing initialized
2025-07-06 17:24:06,952 [FATAL] Updater:351 - Updater called before beeing initialized
2025-07-06 17:24:06,954 [INFO] DbMcusAds:53 - JSON generation date=Thu Jun 19 11:32:37 TRT 2025 (1750321957418)
2025-07-06 17:24:06,955 [FATAL] Updater:351 - Updater called before beeing initialized
2025-07-06 17:24:06,974 [WARN] DetailPanel:346 - Failed to get advertising image, set to default
2025-07-06 17:24:07,119 [FATAL] Updater:351 - Updater called before beeing initialized
2025-07-06 17:24:07,120 [FATAL] Updater:351 - Updater called before beeing initialized
2025-07-06 17:24:07,121 [FATAL] Updater:351 - Updater called before beeing initialized
2025-07-06 17:24:07,121 [WARN] DetailPanel:346 - Failed to get advertising image, set to default
2025-07-06 17:24:07,122 [FATAL] Updater:351 - Updater called before beeing initialized
2025-07-06 17:24:07,151 [ERROR] Updater:1198 - MainUpdater not yet initialized. External WinMGr cannot be set.
2025-07-06 17:24:07,152 [INFO] Updater:1134 - Updater Version found : 6.14.1
2025-07-06 17:24:07,162 [INFO] ApplicationProperties:184 - Using Application install path: C:\ST\STM32CubeIDE_1.18.1\STM32CubeIDE\plugins\com.st.stm32cube.common.mx_6.14.1.202504091515
2025-07-06 17:24:08,737 [ERROR] LogOutputStream:75 - [STDERR_REDIRECT] Jul 06, 2025 5:24:08 PM java.util.prefs.WindowsPreferences <init>
2025-07-06 17:24:08,738 [ERROR] LogOutputStream:75 - [STDERR_REDIRECT] WARNING: Could not open/create prefs root node Software\JavaSoft\Prefs at root 0xffffffff80000002. Windows RegCreateKeyEx(...) returned error code 5.
2025-07-06 17:24:08,738 [ERROR] LogOutputStream:75 - [STDERR_REDIRECT] 
2025-07-06 17:24:09,117 [INFO] MainUpdater:2872 - connection check result : 10
2025-07-06 17:24:09,119 [INFO] MainUpdater:289 - Updater Check For Update Now.
2025-07-06 17:24:09,119 [INFO] MicroXplorer:498 - Change Database Version : DB.6.0.141
2025-07-06 17:24:09,133 [INFO] McuFinderGlobals:63 - Set McuFinder mode to 2 (CubeIDE integrated)
2025-07-06 17:24:09,133 [INFO] UserAuth:171 - activating auth plugin
2025-07-06 17:24:09,137 [INFO] UserAuth:484 - Internet connection configuration mode: 1
2025-07-06 17:24:09,154 [INFO] JxBrowserEngine:152 - Initiate JxBrowser Engine with user profile folder
2025-07-06 17:24:09,197 [WARN] MainUpdater:1193 - Updater busy. Cannot search thirdparties
2025-07-06 17:24:09,197 [INFO] ThirdPartyUpdaterWithRetryManager:96 - Updater plugin is busy. [1/15]
2025-07-06 17:24:09,276 [INFO] CheckServerUpdateThread:120 - End of CheckServer Thread
2025-07-06 17:24:09,537 [INFO] WebApp:169 - Instantiating new browser for Auth
2025-07-06 17:24:09,929 [INFO] WebApp:463 - Apply proxy settings
2025-07-06 17:24:09,930 [INFO] WebApp:548 - Chromium requires no authentication
2025-07-06 17:24:09,935 [INFO] WebApp:491 - Direct internet connection detected
2025-07-06 17:24:09,947 [INFO] WebApp:894 - Register for checkConnection events
2025-07-06 17:24:09,947 [INFO] WebApp:463 - Apply proxy settings
2025-07-06 17:24:09,947 [INFO] WebApp:548 - Chromium requires no authentication
2025-07-06 17:24:09,947 [INFO] WebApp:491 - Direct internet connection detected
2025-07-06 17:24:10,029 [INFO] WebApp:225 - Starting web application
2025-07-06 17:24:10,029 [INFO] WebApp:593 - Web application path used C:\ST\STM32CubeIDE_1.18.1\STM32CubeIDE\plugins\com.st.stm32cube.common.mx_6.14.1.202504091515\db\plugins\mcufinder\reactClient1\index.html
2025-07-06 17:24:10,356 [INFO] WebApp:191 - Connection restablished
2025-07-06 17:24:12,314 [WARN] PackLoader:240 - Cannot read IP mode file for STMicroelectronics.FP-SNS-MOTENVWB1.1.4.0
2025-07-06 17:24:12,320 [WARN] PackLoader:240 - Cannot read IP mode file for STMicroelectronics.X-CUBE-SMBUS.2.1.0
2025-07-06 17:24:12,335 [WARN] PackLoader:240 - Cannot read IP mode file for STMicroelectronics.X-CUBE-DISPLAY.3.0.0
2025-07-06 17:24:12,345 [WARN] PackLoader:240 - Cannot read IP mode file for STMicroelectronics.X-CUBE-NFC10.1.0.0
2025-07-06 17:24:12,354 [WARN] PackLoader:240 - Cannot read IP mode file for STMicroelectronics.X-CUBE-BLEMGR.4.0.0
2025-07-06 17:24:12,359 [WARN] PackLoader:240 - Cannot read IP mode file for STMicroelectronics.FP-SNS-SMARTAG2.1.2.0
2025-07-06 17:24:12,362 [WARN] PackLoader:240 - Cannot read IP mode file for STMicroelectronics.FP-SNS-MOTENV1.5.0.0
2025-07-06 17:24:12,367 [WARN] PackLoader:240 - Cannot read IP mode file for STMicroelectronics.X-CUBE-BLE2.3.3.0
2025-07-06 17:24:12,371 [WARN] PackLoader:240 - Cannot read IP mode file for STMicroelectronics.X-CUBE-NFC9.1.0.0
2025-07-06 17:24:12,376 [WARN] PackLoader:240 - Cannot read IP mode file for STMicroelectronics.X-CUBE-SAFEA1.1.2.2
2025-07-06 17:24:12,381 [WARN] PackLoader:240 - Cannot read IP mode file for STMicroelectronics.X-CUBE-NFC4.3.0.0
2025-07-06 17:24:12,385 [WARN] PackLoader:240 - Cannot read IP mode file for STMicroelectronics.X-CUBE-TCPP.4.2.0
2025-07-06 17:24:12,388 [WARN] PackLoader:240 - Cannot read IP mode file for STMicroelectronics.FP-ATR-SIGFOX1.3.2.0
2025-07-06 17:24:12,391 [WARN] PackLoader:240 - Cannot read IP mode file for STMicroelectronics.X-CUBE-EEPRMA1.5.1.0
2025-07-06 17:24:12,396 [WARN] PackLoader:240 - Cannot read IP mode file for STMicroelectronics.X-CUBE-ISPU.2.1.0
2025-07-06 17:24:12,400 [WARN] PackLoader:240 - Cannot read IP mode file for STMicroelectronics.X-CUBE-NFC6.3.1.0
2025-07-06 17:24:12,405 [WARN] PackLoader:240 - Cannot read IP mode file for STMicroelectronics.X-CUBE-SFXS2LP1.4.0.0
2025-07-06 17:24:12,410 [WARN] PackLoader:240 - Cannot read IP mode file for STMicroelectronics.X-CUBE-GNSS1.7.0.1
2025-07-06 17:24:12,414 [WARN] PackLoader:240 - Cannot read IP mode file for STMicroelectronics.FP-SNS-STBOX1.2.0.0
2025-07-06 17:24:12,420 [WARN] PackLoader:240 - Cannot read IP mode file for STMicroelectronics.X-CUBE-SUBG2.5.0.0
2025-07-06 17:24:12,443 [WARN] PackLoader:240 - Cannot read IP mode file for STMicroelectronics.X-CUBE-IPS.3.1.0
2025-07-06 17:24:12,453 [WARN] PackLoader:240 - Cannot read IP mode file for STMicroelectronics.X-CUBE-ALS.1.0.2
2025-07-06 17:24:12,455 [INFO] ThirdParty:978 - Integrity check success = true
2025-07-06 17:24:12,456 [INFO] IntegrityCheckThread:100 - exiting critical section [integrity check]
2025-07-06 17:24:12,456 [INFO] IntegrityCheckThread:103 - End integrity checks thread
2025-07-06 17:33:28,676 [ERROR] LogOutputStream:75 - [STDERR_REDIRECT] 
2025-07-06 17:33:28,677 [ERROR] LogOutputStream:75 - [STDERR_REDIRECT] 
