2025-07-11 09:18:35,664 [INFO] Activator:176 - 


2025-07-11 09:18:35,668 [INFO] Activator:177 - !SESSION log4j initialized
2025-07-11 09:18:41,634 [INFO] LogOutputStream:77 - [STDOUT_REDIRECT] 
2025-07-11 09:18:45,852 [INFO] ApplicationProperties:184 - Using Application install path: C:\ST\STM32CubeIDE_1.18.1\STM32CubeIDE\plugins\com.st.stm32cube.common.mx_6.14.1.202504091515
2025-07-11 09:18:45,864 [INFO] DbMcusXml:78 - Set database path to: C:\ST\STM32CubeIDE_1.18.1\STM32CubeIDE\plugins\com.st.stm32cube.common.mx_6.14.1.202504091515\\db\/mcu/
2025-07-11 09:18:45,864 [INFO] ApiDb:274 - Set plugin database path to: C:\ST\STM32CubeIDE_1.18.1\STM32CubeIDE\plugins\com.st.stm32cube.common.mx_6.14.1.202504091515\\db\/plugins/boardmanager/
2025-07-11 09:18:45,864 [WARN] ApiDb:259 - Overriding images path with different value:  => C:\ST\STM32CubeIDE_1.18.1\STM32CubeIDE\plugins\com.st.stm32cube.common.mx_6.14.1.202504091515\\db\/plugins/mcufinder/images/
2025-07-11 09:18:45,871 [INFO] ApiDb:250 - Set database path to: C:\Users\barki\.stmcufinder\plugins\mcufinder//mcu/
2025-07-11 09:18:45,872 [INFO] DbMcusAds:125 - Set database path to: C:\Users\barki\.stmcufinder\plugins\mcufinder//mcu/
2025-07-11 09:18:45,873 [INFO] CrossReferenceDbSqlite:203 - Set database path to: C:\Users\barki\.stmcufinder\plugins\mcufinder//mcu/cs/
2025-07-11 09:18:45,950 [INFO] RulesReader:64 - Compatibility file has been processed (302 Rules)
2025-07-11 09:18:46,005 [INFO] DbMcusXml:78 - Set database path to: C:\ST\STM32CubeIDE_1.18.1\STM32CubeIDE\plugins\com.st.stm32cube.common.mx_6.14.1.202504091515\\db\/mcu/
2025-07-11 09:18:46,005 [INFO] ApiDb:274 - Set plugin database path to: C:\ST\STM32CubeIDE_1.18.1\STM32CubeIDE\plugins\com.st.stm32cube.common.mx_6.14.1.202504091515\\db\/plugins/boardmanager/
2025-07-11 09:18:46,005 [INFO] ApiDb:261 - Set plugin images path to: C:\ST\STM32CubeIDE_1.18.1\STM32CubeIDE\plugins\com.st.stm32cube.common.mx_6.14.1.202504091515\\db\/plugins/mcufinder/images/
2025-07-11 09:18:46,005 [WARN] DbFile:41 - Overriding database path with different value: C:\Users\barki\.stmcufinder\plugins\mcufinder/ => C:\Users\barki\.stmcufinder\plugins\mcufinder
2025-07-11 09:18:46,005 [INFO] ApiDb:250 - Set database path to: C:\Users\barki\.stmcufinder\plugins\mcufinder//mcu/
2025-07-11 09:18:46,005 [WARN] DbFile:41 - Overriding database path with different value: C:\Users\barki\.stmcufinder\plugins\mcufinder/ => C:\Users\barki\.stmcufinder\plugins\mcufinder
2025-07-11 09:18:46,005 [INFO] DbMcusAds:125 - Set database path to: C:\Users\barki\.stmcufinder\plugins\mcufinder//mcu/
2025-07-11 09:18:46,005 [WARN] DbFile:41 - Overriding database path with different value: C:\Users\barki\.stmcufinder\plugins\mcufinder/ => C:\Users\barki\.stmcufinder\plugins\mcufinder
2025-07-11 09:18:46,005 [WARN] DbFile:41 - Overriding database path with different value: C:\Users\barki\.stmcufinder\plugins\mcufinder/ => C:\Users\barki\.stmcufinder\plugins\mcufinder
2025-07-11 09:18:46,005 [INFO] CrossReferenceDbSqlite:203 - Set database path to: C:\Users\barki\.stmcufinder\plugins\mcufinder//mcu/cs/
2025-07-11 09:18:46,054 [INFO] MainPanel:272 - HeapMemory: 268435456
2025-07-11 09:18:46,121 [INFO] DbMcusXml:78 - Set database path to: C:\ST\STM32CubeIDE_1.18.1\STM32CubeIDE\plugins\com.st.stm32cube.common.mx_6.14.1.202504091515\\db\/mcu/
2025-07-11 09:18:46,121 [INFO] ApiDb:274 - Set plugin database path to: C:\ST\STM32CubeIDE_1.18.1\STM32CubeIDE\plugins\com.st.stm32cube.common.mx_6.14.1.202504091515\\db\/plugins/boardmanager/
2025-07-11 09:18:46,121 [INFO] ApiDb:261 - Set plugin images path to: C:\ST\STM32CubeIDE_1.18.1\STM32CubeIDE\plugins\com.st.stm32cube.common.mx_6.14.1.202504091515\\db\/plugins/mcufinder/images/
2025-07-11 09:18:46,122 [WARN] DbFile:41 - Overriding database path with different value: C:\Users\barki\.stmcufinder\plugins\mcufinder/ => C:\Users\barki\.stmcufinder\plugins\mcufinder
2025-07-11 09:18:46,122 [INFO] ApiDb:250 - Set database path to: C:\Users\barki\.stmcufinder\plugins\mcufinder//mcu/
2025-07-11 09:18:46,122 [WARN] DbFile:41 - Overriding database path with different value: C:\Users\barki\.stmcufinder\plugins\mcufinder/ => C:\Users\barki\.stmcufinder\plugins\mcufinder
2025-07-11 09:18:46,122 [INFO] DbMcusAds:125 - Set database path to: C:\Users\barki\.stmcufinder\plugins\mcufinder//mcu/
2025-07-11 09:18:46,122 [WARN] DbFile:41 - Overriding database path with different value: C:\Users\barki\.stmcufinder\plugins\mcufinder/ => C:\Users\barki\.stmcufinder\plugins\mcufinder
2025-07-11 09:18:46,122 [WARN] DbFile:41 - Overriding database path with different value: C:\Users\barki\.stmcufinder\plugins\mcufinder/ => C:\Users\barki\.stmcufinder\plugins\mcufinder
2025-07-11 09:18:46,122 [INFO] CrossReferenceDbSqlite:203 - Set database path to: C:\Users\barki\.stmcufinder\plugins\mcufinder//mcu/cs/
2025-07-11 09:18:46,132 [INFO] ApplicationProperties:184 - Using Application install path: C:\ST\STM32CubeIDE_1.18.1\STM32CubeIDE\plugins\com.st.stm32cube.common.mx_6.14.1.202504091515
2025-07-11 09:18:46,133 [INFO] PluginManage:196 - Search for loadable plugins [exclusion list=, ]
2025-07-11 09:18:46,134 [INFO] PluginManage:310 - Check plugin analytics
2025-07-11 09:18:46,279 [INFO] AnalyticsPlugin:253 - Accepted Software Licenses: 
2025-07-11 09:18:46,279 [INFO] AnalyticsPlugin:255 - Accepted CMSIS Pack Licenses: 
2025-07-11 09:18:46,279 [INFO] AnalyticsPlugin:257 - Accepted Firmware Licenses: FW.F4.1.28.0
2025-07-11 09:18:46,281 [INFO] PluginManage:359 - Loaded plugin analytics (category:tool,tabindex:-1)
2025-07-11 09:18:46,281 [INFO] PluginManage:310 - Check plugin cadmodel
2025-07-11 09:18:46,298 [INFO] CADModel:105 - Init CAD model plugin
2025-07-11 09:18:46,298 [INFO] PluginManage:359 - Loaded plugin cadmodel (category:power,tabindex:5)
2025-07-11 09:18:46,298 [INFO] PluginManage:310 - Check plugin clock
2025-07-11 09:18:46,320 [INFO] PluginManage:359 - Loaded plugin clock (category:base,tabindex:2)
2025-07-11 09:18:46,320 [INFO] PluginManage:310 - Check plugin ddr
2025-07-11 09:18:46,322 [INFO] PluginManage:359 - Loaded plugin ddr (category:tool,tabindex:6)
2025-07-11 09:18:46,322 [INFO] PluginManage:310 - Check plugin filemanager
2025-07-11 09:18:46,430 [INFO] PluginManage:359 - Loaded plugin filemanager (category:base,tabindex:10)
2025-07-11 09:18:46,430 [INFO] PluginManage:310 - Check plugin ipmanager
2025-07-11 09:18:46,435 [INFO] PluginManage:359 - Loaded plugin ipmanager (category:base,tabindex:5)
2025-07-11 09:18:46,435 [INFO] PluginManage:310 - Check plugin lpbam
2025-07-11 09:18:46,451 [INFO] PluginManage:359 - Loaded plugin lpbam (category:base,tabindex:0)
2025-07-11 09:18:46,451 [INFO] PluginManage:310 - Check plugin memorymap
2025-07-11 09:18:46,469 [INFO] PluginManage:359 - Loaded plugin memorymap (category:base,tabindex:4)
2025-07-11 09:18:46,470 [INFO] PluginManage:310 - Check plugin pinoutandconfiguration
2025-07-11 09:18:46,490 [INFO] PluginManage:359 - Loaded plugin pinoutandconfiguration (category:base,tabindex:1)
2025-07-11 09:18:46,491 [INFO] PluginManage:310 - Check plugin pinoutconfig
2025-07-11 09:18:46,576 [WARN] SupportedApi:132 - Cannot load RTOS API schema: s4s-elt-must-match.1: The content of 'definitions' must match (annotation?, (simpleType | complexType)?, (unique | key | keyref)*)). A problem was found starting at: attribute.
2025-07-11 09:18:46,682 [INFO] PluginManage:359 - Loaded plugin pinoutconfig (category:base,tabindex:0)
2025-07-11 09:18:46,682 [INFO] PluginManage:310 - Check plugin power
2025-07-11 09:18:46,697 [INFO] PluginManage:359 - Loaded plugin power (category:power,tabindex:4)
2025-07-11 09:18:46,697 [INFO] PluginManage:310 - Check plugin projectmanager
2025-07-11 09:18:46,708 [INFO] PluginManage:359 - Loaded plugin projectmanager (category:projectmanager,tabindex:4)
2025-07-11 09:18:46,708 [INFO] PluginManage:310 - Check plugin rif
2025-07-11 09:18:46,727 [INFO] PluginManage:359 - Loaded plugin rif (category:base,tabindex:3)
2025-07-11 09:18:46,728 [INFO] PluginManage:310 - Check plugin thirdparty
2025-07-11 09:18:46,955 [INFO] PluginManage:359 - Loaded plugin thirdparty (category:base,tabindex:-1)
2025-07-11 09:18:46,956 [INFO] PluginManage:310 - Check plugin tools
2025-07-11 09:18:46,955 [WARN] IntegrityCheckThread:84 - waiting for thirdparty lock release [integrity check]
2025-07-11 09:18:46,956 [INFO] IntegrityCheckThread:86 - entering critical section [integrity check]
2025-07-11 09:18:46,956 [INFO] ThirdPartyUpdaterWithRetryManager:70 - Updater plugin not ready yet. [1/15]
2025-07-11 09:18:46,988 [INFO] PluginManage:359 - Loaded plugin tools (category:base,tabindex:7)
2025-07-11 09:18:46,988 [INFO] PluginManage:310 - Check plugin tutovideos
2025-07-11 09:18:47,136 [INFO] PluginManage:359 - Loaded plugin tutovideos (category:base,tabindex:-1)
2025-07-11 09:18:47,137 [INFO] PluginManage:310 - Check plugin updater
2025-07-11 09:18:47,154 [INFO] PluginManage:359 - Loaded plugin updater (category:base,tabindex:12)
2025-07-11 09:18:47,154 [INFO] PluginManage:310 - Check plugin userauth
2025-07-11 09:18:47,157 [INFO] UserAuth:118 - Init User Auth plugin
2025-07-11 09:18:47,158 [INFO] PluginManage:359 - Loaded plugin userauth (category:base,tabindex:14)
2025-07-11 09:18:47,158 [INFO] PluginManage:283 - PluginManage : Loaded plugins [18]
2025-07-11 09:18:47,306 [INFO] PinOutPanel:1589 - setPackage(No Configuration,No Configuration)
2025-07-11 09:18:47,363 [INFO] CADModel:165 - CPN selected for project level
2025-07-11 09:18:47,363 [INFO] CADModel:114 - Register for checkConnection events
2025-07-11 09:18:47,390 [INFO] IPUIPlugin:80 - create IPUIPlugin
2025-07-11 09:18:47,390 [INFO] PluginManager:220 - loadIPPluginJar : add adc
2025-07-11 09:18:47,428 [INFO] IPUIPlugin:80 - create IPUIPlugin
2025-07-11 09:18:47,428 [INFO] PluginManager:220 - loadIPPluginJar : add aes
2025-07-11 09:18:47,468 [INFO] IPUIPlugin:80 - create IPUIPlugin
2025-07-11 09:18:47,468 [INFO] PluginManager:220 - loadIPPluginJar : add can
2025-07-11 09:18:47,489 [INFO] IPUIPlugin:80 - create IPUIPlugin
2025-07-11 09:18:47,490 [INFO] PluginManager:220 - loadIPPluginJar : add comp
2025-07-11 09:18:47,518 [INFO] IPUIPlugin:80 - create IPUIPlugin
2025-07-11 09:18:47,518 [INFO] PluginManager:220 - loadIPPluginJar : add cryp
2025-07-11 09:18:47,531 [INFO] IPUIPlugin:80 - create IPUIPlugin
2025-07-11 09:18:47,531 [INFO] PluginManager:220 - loadIPPluginJar : add ddr_ctrl_phy
2025-07-11 09:18:47,558 [INFO] IPUIPlugin:80 - create IPUIPlugin
2025-07-11 09:18:47,558 [INFO] PluginManager:220 - loadIPPluginJar : add dfsdm
2025-07-11 09:18:47,570 [INFO] IPUIPlugin:80 - create IPUIPlugin
2025-07-11 09:18:47,571 [INFO] PluginManager:220 - loadIPPluginJar : add dma
2025-07-11 09:18:47,603 [INFO] IPUIPlugin:80 - create IPUIPlugin
2025-07-11 09:18:47,603 [INFO] PluginManager:220 - loadIPPluginJar : add dma3
2025-07-11 09:18:47,639 [INFO] IPUIPlugin:80 - create IPUIPlugin
2025-07-11 09:18:47,639 [INFO] PluginManager:220 - loadIPPluginJar : add extmemmanager
2025-07-11 09:18:47,657 [INFO] IPUIPlugin:80 - create IPUIPlugin
2025-07-11 09:18:47,657 [INFO] PluginManager:220 - loadIPPluginJar : add fatfs
2025-07-11 09:18:47,696 [INFO] IPUIPlugin:80 - create IPUIPlugin
2025-07-11 09:18:47,696 [INFO] PluginManager:220 - loadIPPluginJar : add fmc
2025-07-11 09:18:47,710 [INFO] IPUIPlugin:80 - create IPUIPlugin
2025-07-11 09:18:47,710 [INFO] PluginManager:220 - loadIPPluginJar : add freertos
2025-07-11 09:18:47,728 [INFO] IPUIPlugin:80 - create IPUIPlugin
2025-07-11 09:18:47,728 [INFO] PluginManager:220 - loadIPPluginJar : add genericplugin
2025-07-11 09:18:47,801 [INFO] IPUIPlugin:80 - create IPUIPlugin
2025-07-11 09:18:47,801 [INFO] PluginManager:220 - loadIPPluginJar : add gfxmmu
2025-07-11 09:18:47,899 [INFO] IPUIPlugin:80 - create IPUIPlugin
2025-07-11 09:18:47,899 [INFO] PluginManager:220 - loadIPPluginJar : add gic
2025-07-11 09:18:47,910 [INFO] IPUIPlugin:80 - create IPUIPlugin
2025-07-11 09:18:47,910 [INFO] PluginManager:220 - loadIPPluginJar : add gpio
2025-07-11 09:18:47,978 [INFO] IPUIPlugin:80 - create IPUIPlugin
2025-07-11 09:18:47,979 [INFO] PluginManager:220 - loadIPPluginJar : add gtzc
2025-07-11 09:18:48,005 [INFO] IPUIPlugin:80 - create IPUIPlugin
2025-07-11 09:18:48,005 [INFO] PluginManager:220 - loadIPPluginJar : add hash
2025-07-11 09:18:48,048 [INFO] IPUIPlugin:80 - create IPUIPlugin
2025-07-11 09:18:48,048 [INFO] PluginManager:220 - loadIPPluginJar : add i2c
2025-07-11 09:18:48,078 [INFO] IPUIPlugin:80 - create IPUIPlugin
2025-07-11 09:18:48,078 [INFO] PluginManager:220 - loadIPPluginJar : add i2s
2025-07-11 09:18:48,110 [INFO] IPUIPlugin:80 - create IPUIPlugin
2025-07-11 09:18:48,111 [INFO] PluginManager:220 - loadIPPluginJar : add i3c
2025-07-11 09:18:48,184 [INFO] IPUIPlugin:80 - create IPUIPlugin
2025-07-11 09:18:48,184 [INFO] PluginManager:220 - loadIPPluginJar : add ipddr
2025-07-11 09:18:48,253 [INFO] IPUIPlugin:80 - create IPUIPlugin
2025-07-11 09:18:48,254 [INFO] PluginManager:220 - loadIPPluginJar : add linkedlist
2025-07-11 09:18:48,283 [INFO] IPUIPlugin:80 - create IPUIPlugin
2025-07-11 09:18:48,283 [INFO] PluginManager:220 - loadIPPluginJar : add lorawan
2025-07-11 09:18:48,314 [INFO] IPUIPlugin:80 - create IPUIPlugin
2025-07-11 09:18:48,314 [INFO] PluginManager:220 - loadIPPluginJar : add ltdc
2025-07-11 09:18:48,325 [INFO] IPUIPlugin:80 - create IPUIPlugin
2025-07-11 09:18:48,325 [INFO] PluginManager:220 - loadIPPluginJar : add mdma
2025-07-11 09:18:48,335 [INFO] IPUIPlugin:80 - create IPUIPlugin
2025-07-11 09:18:48,335 [INFO] PluginManager:220 - loadIPPluginJar : add nvic
2025-07-11 09:18:48,366 [INFO] IPUIPlugin:80 - create IPUIPlugin
2025-07-11 09:18:48,366 [INFO] PluginManager:220 - loadIPPluginJar : add opamp
2025-07-11 09:18:48,414 [INFO] IPUIPlugin:80 - create IPUIPlugin
2025-07-11 09:18:48,414 [INFO] PluginManager:220 - loadIPPluginJar : add openamp
2025-07-11 09:18:48,449 [INFO] IPUIPlugin:80 - create IPUIPlugin
2025-07-11 09:18:48,450 [INFO] PluginManager:220 - loadIPPluginJar : add pdm2pcm
2025-07-11 09:18:48,462 [INFO] IPUIPlugin:80 - create IPUIPlugin
2025-07-11 09:18:48,463 [INFO] PluginManager:220 - loadIPPluginJar : add plateformsettings
2025-07-11 09:18:48,482 [INFO] IPUIPlugin:80 - create IPUIPlugin
2025-07-11 09:18:48,483 [INFO] PluginManager:220 - loadIPPluginJar : add quadspi
2025-07-11 09:18:48,504 [INFO] IPUIPlugin:80 - create IPUIPlugin
2025-07-11 09:18:48,504 [INFO] PluginManager:220 - loadIPPluginJar : add radio
2025-07-11 09:18:48,515 [INFO] IPUIPlugin:80 - create IPUIPlugin
2025-07-11 09:18:48,515 [INFO] PluginManager:220 - loadIPPluginJar : add resmgrutility
2025-07-11 09:18:48,552 [INFO] IPUIPlugin:80 - create IPUIPlugin
2025-07-11 09:18:48,552 [INFO] PluginManager:220 - loadIPPluginJar : add sai
2025-07-11 09:18:48,582 [INFO] IPUIPlugin:80 - create IPUIPlugin
2025-07-11 09:18:48,582 [INFO] PluginManager:220 - loadIPPluginJar : add spi
2025-07-11 09:18:48,641 [INFO] IPUIPlugin:80 - create IPUIPlugin
2025-07-11 09:18:48,641 [INFO] PluginManager:220 - loadIPPluginJar : add stm32_wpan
2025-07-11 09:18:48,661 [INFO] IPUIPlugin:80 - create IPUIPlugin
2025-07-11 09:18:48,662 [INFO] PluginManager:220 - loadIPPluginJar : add tim
2025-07-11 09:18:48,712 [INFO] IPUIPlugin:80 - create IPUIPlugin
2025-07-11 09:18:48,712 [INFO] PluginManager:220 - loadIPPluginJar : add touchsensing
2025-07-11 09:18:48,733 [INFO] IPUIPlugin:80 - create IPUIPlugin
2025-07-11 09:18:48,733 [INFO] PluginManager:220 - loadIPPluginJar : add tracer_emb
2025-07-11 09:18:48,753 [INFO] IPUIPlugin:80 - create IPUIPlugin
2025-07-11 09:18:48,753 [INFO] PluginManager:220 - loadIPPluginJar : add ts
2025-07-11 09:18:48,775 [INFO] IPUIPlugin:80 - create IPUIPlugin
2025-07-11 09:18:48,775 [INFO] PluginManager:220 - loadIPPluginJar : add tsc
2025-07-11 09:18:48,794 [INFO] IPUIPlugin:80 - create IPUIPlugin
2025-07-11 09:18:48,794 [INFO] PluginManager:220 - loadIPPluginJar : add ucpd
2025-07-11 09:18:48,828 [INFO] IPUIPlugin:80 - create IPUIPlugin
2025-07-11 09:18:48,828 [INFO] PluginManager:220 - loadIPPluginJar : add usart
2025-07-11 09:18:48,863 [INFO] IPUIPlugin:80 - create IPUIPlugin
2025-07-11 09:18:48,863 [INFO] PluginManager:220 - loadIPPluginJar : add usbx
2025-07-11 09:18:48,975 [FATAL] Updater:351 - Updater called before beeing initialized
2025-07-11 09:18:48,993 [INFO] RulesReader:64 - Compatibility file has been processed (302 Rules)
2025-07-11 09:18:49,000 [INFO] RulesReader:64 - Compatibility file has been processed (302 Rules)
2025-07-11 09:18:49,007 [INFO] CADModel:165 - CPN selected for project level
2025-07-11 09:18:49,007 [INFO] CADModel:114 - Register for checkConnection events
2025-07-11 09:18:49,007 [FATAL] Updater:351 - Updater called before beeing initialized
2025-07-11 09:18:49,007 [ERROR] CADModel:125 - Updater not yet initialized, retry later 
2025-07-11 09:18:49,116 [FATAL] Updater:351 - Updater called before beeing initialized
2025-07-11 09:18:49,118 [INFO] CADModel:165 - CPN selected for project level
2025-07-11 09:18:49,118 [INFO] CADModel:114 - Register for checkConnection events
2025-07-11 09:18:49,118 [FATAL] Updater:351 - Updater called before beeing initialized
2025-07-11 09:18:49,118 [ERROR] CADModel:125 - Updater not yet initialized, retry later 
2025-07-11 09:18:49,122 [FATAL] Updater:351 - Updater called before beeing initialized
2025-07-11 09:18:49,226 [FATAL] Updater:351 - Updater called before beeing initialized
2025-07-11 09:18:49,235 [INFO] DbMcusAds:53 - JSON generation date=Thu Jun 19 11:32:37 TRT 2025 (1750321957418)
2025-07-11 09:18:49,235 [FATAL] Updater:351 - Updater called before beeing initialized
2025-07-11 09:18:49,261 [WARN] DetailPanel:346 - Failed to get advertising image, set to default
2025-07-11 09:18:49,416 [FATAL] Updater:351 - Updater called before beeing initialized
2025-07-11 09:18:49,417 [FATAL] Updater:351 - Updater called before beeing initialized
2025-07-11 09:18:49,418 [FATAL] Updater:351 - Updater called before beeing initialized
2025-07-11 09:18:49,418 [WARN] DetailPanel:346 - Failed to get advertising image, set to default
2025-07-11 09:18:49,418 [FATAL] Updater:351 - Updater called before beeing initialized
2025-07-11 09:18:49,463 [ERROR] Updater:1198 - MainUpdater not yet initialized. External WinMGr cannot be set.
2025-07-11 09:18:49,471 [INFO] Updater:1134 - Updater Version found : 6.14.1
2025-07-11 09:18:49,485 [INFO] ApplicationProperties:184 - Using Application install path: C:\ST\STM32CubeIDE_1.18.1\STM32CubeIDE\plugins\com.st.stm32cube.common.mx_6.14.1.202504091515
2025-07-11 09:18:49,958 [INFO] ThirdPartyUpdaterWithRetryManager:70 - Updater plugin not ready yet. [2/15]
2025-07-11 09:18:51,058 [ERROR] LogOutputStream:75 - [STDERR_REDIRECT] Jul 11, 2025 9:18:51 AM java.util.prefs.WindowsPreferences <init>
2025-07-11 09:18:51,060 [ERROR] LogOutputStream:75 - [STDERR_REDIRECT] WARNING: Could not open/create prefs root node Software\JavaSoft\Prefs at root 0xffffffff80000002. Windows RegCreateKeyEx(...) returned error code 5.
2025-07-11 09:18:51,060 [ERROR] LogOutputStream:75 - [STDERR_REDIRECT] 
2025-07-11 09:18:51,391 [INFO] MainUpdater:2872 - connection check result : 10
2025-07-11 09:18:51,391 [INFO] MainUpdater:289 - Updater Check For Update Now.
2025-07-11 09:18:51,391 [INFO] MicroXplorer:498 - Change Database Version : DB.6.0.141
2025-07-11 09:18:51,409 [INFO] McuFinderGlobals:63 - Set McuFinder mode to 2 (CubeIDE integrated)
2025-07-11 09:18:51,419 [INFO] UserAuth:484 - Internet connection configuration mode: 1
2025-07-11 09:18:51,446 [INFO] JxBrowserEngine:152 - Initiate JxBrowser Engine with user profile folder
2025-07-11 09:18:51,583 [INFO] CheckServerUpdateThread:120 - End of CheckServer Thread
2025-07-11 09:18:52,197 [INFO] WebApp:169 - Instantiating new browser for Auth
2025-07-11 09:18:52,668 [INFO] WebApp:463 - Apply proxy settings
2025-07-11 09:18:52,668 [INFO] WebApp:548 - Chromium requires no authentication
2025-07-11 09:18:52,674 [INFO] WebApp:491 - Direct internet connection detected
2025-07-11 09:18:52,690 [INFO] WebApp:894 - Register for checkConnection events
2025-07-11 09:18:52,690 [INFO] WebApp:463 - Apply proxy settings
2025-07-11 09:18:52,690 [INFO] WebApp:548 - Chromium requires no authentication
2025-07-11 09:18:52,691 [INFO] WebApp:491 - Direct internet connection detected
2025-07-11 09:18:52,810 [INFO] WebApp:225 - Starting web application
2025-07-11 09:18:52,810 [INFO] WebApp:593 - Web application path used C:\ST\STM32CubeIDE_1.18.1\STM32CubeIDE\plugins\com.st.stm32cube.common.mx_6.14.1.202504091515\db\plugins\mcufinder\reactClient1\index.html
2025-07-11 09:18:52,909 [INFO] UserAuth:484 - Internet connection configuration mode: 1
2025-07-11 09:18:53,114 [WARN] PackLoader:240 - Cannot read IP mode file for STMicroelectronics.FP-SNS-MOTENVWB1.1.4.0
2025-07-11 09:18:53,134 [WARN] PackLoader:240 - Cannot read IP mode file for STMicroelectronics.X-CUBE-SMBUS.2.1.0
2025-07-11 09:18:53,166 [WARN] PackLoader:240 - Cannot read IP mode file for STMicroelectronics.X-CUBE-AZRTOS-F7.1.1.0
2025-07-11 09:18:53,207 [WARN] PackLoader:240 - Cannot read IP mode file for Infineon.AIROC-Wi-Fi-Bluetooth-STM32.1.7.1
2025-07-11 09:18:53,238 [WARN] PackLoader:240 - Cannot read IP mode file for STMicroelectronics.X-CUBE-AZRTOS-H7.3.4.0
2025-07-11 09:18:53,265 [INFO] WebApp:191 - Connection restablished
2025-07-11 09:18:53,268 [WARN] PackLoader:240 - Cannot read IP mode file for STMicroelectronics.X-CUBE-DISPLAY.3.0.0
2025-07-11 09:18:53,287 [WARN] PackLoader:240 - Cannot read IP mode file for STMicroelectronics.X-CUBE-NFC10.1.0.0
2025-07-11 09:18:53,305 [WARN] PackLoader:240 - Cannot read IP mode file for STMicroelectronics.X-CUBE-BLEMGR.4.0.0
2025-07-11 09:18:53,320 [WARN] PackLoader:240 - Cannot read IP mode file for emotas.I-CUBE-CANOPEN.1.3.0
2025-07-11 09:18:53,333 [WARN] ConditionMgr:438 - getConditionDescription Invalid condition id : Cortex-A Device cause : null
2025-07-11 09:18:53,354 [WARN] ConditionMgr:1044 - genDependencies : Invalid condition id : Cortex-A Device cause : null
2025-07-11 09:18:53,354 [WARN] ConditionMgr:1044 - genDependencies : Invalid condition id : Cortex-A Device cause : null
2025-07-11 09:18:53,354 [WARN] ConditionMgr:1044 - genDependencies : Invalid condition id : Cortex-A Device cause : null
2025-07-11 09:18:53,367 [WARN] PackLoader:240 - Cannot read IP mode file for STMicroelectronics.FP-SNS-SMARTAG2.1.2.0
2025-07-11 09:18:53,384 [INFO] LogOutputStream:77 - [STDOUT_REDIRECT] 1 : Invalid condition id : UX_CORESTACK_Condition cause : null
2025-07-11 09:18:53,385 [INFO] LogOutputStream:77 - [STDOUT_REDIRECT] 1 : Invalid condition id : UX_CORESTACK_Condition cause : null
2025-07-11 09:18:53,387 [INFO] LogOutputStream:77 - [STDOUT_REDIRECT] 1 : Invalid condition id : UX_CORESTACK_Condition cause : null
2025-07-11 09:18:53,387 [INFO] LogOutputStream:77 - [STDOUT_REDIRECT] 1 : Invalid condition id : UX_CORESTACK_Condition cause : null
2025-07-11 09:18:53,387 [INFO] LogOutputStream:77 - [STDOUT_REDIRECT] 1 : Invalid condition id : UX_CORESTACK_Condition cause : null
2025-07-11 09:18:53,389 [WARN] PackLoader:240 - Cannot read IP mode file for STMicroelectronics.X-CUBE-AZRTOS-WL.2.0.0
2025-07-11 09:18:53,402 [WARN] PackLoader:240 - Cannot read IP mode file for STMicroelectronics.FP-SNS-MOTENV1.5.0.0
2025-07-11 09:18:53,416 [WARN] PackLoader:240 - Cannot read IP mode file for WES.I-CUBE-Cesium.1.3.0
2025-07-11 09:18:53,431 [WARN] PackLoader:240 - Cannot read IP mode file for STMicroelectronics.X-CUBE-BLE2.3.3.0
2025-07-11 09:18:53,443 [WARN] PackLoader:240 - Cannot read IP mode file for STMicroelectronics.X-CUBE-NFC9.1.0.0
2025-07-11 09:18:53,455 [WARN] PackLoader:240 - Cannot read IP mode file for wolfSSL.I-CUBE-wolfSSL.5.8.0
2025-07-11 09:18:53,465 [WARN] PackLoader:240 - Cannot read IP mode file for wolfSSL.I-CUBE-wolfMQTT.1.19.2
2025-07-11 09:18:53,485 [WARN] PackLoader:240 - Cannot read IP mode file for STMicroelectronics.X-CUBE-AZRTOS-G0.1.1.0
2025-07-11 09:18:53,497 [WARN] PackLoader:240 - Cannot read IP mode file for STMicroelectronics.X-CUBE-SAFEA1.1.2.2
2025-07-11 09:18:53,510 [WARN] PackLoader:240 - Cannot read IP mode file for STMicroelectronics.X-CUBE-NFC4.3.0.0
2025-07-11 09:18:53,523 [WARN] PackLoader:240 - Cannot read IP mode file for EmbeddedOffice.I-CUBE-FS-RTOS.1.0.1
2025-07-11 09:18:53,536 [WARN] PackLoader:240 - Cannot read IP mode file for STMicroelectronics.X-CUBE-WB05N.2.0.0
2025-07-11 09:18:53,547 [WARN] PackLoader:240 - Cannot read IP mode file for wolfSSL.I-CUBE-wolfTPM.3.8.0
2025-07-11 09:18:53,559 [WARN] PackLoader:240 - Cannot read IP mode file for STMicroelectronics.X-CUBE-TCPP.4.2.0
2025-07-11 09:18:53,572 [WARN] PackLoader:240 - Cannot read IP mode file for RealThread.X-CUBE-RT-Thread_Nano.4.1.1
2025-07-11 09:18:53,584 [WARN] PackLoader:240 - Cannot read IP mode file for STMicroelectronics.FP-ATR-SIGFOX1.3.2.0
2025-07-11 09:18:53,596 [WARN] PackLoader:240 - Cannot read IP mode file for STMicroelectronics.X-CUBE-EEPRMA1.5.1.0
2025-07-11 09:18:53,608 [WARN] PackLoader:240 - Cannot read IP mode file for ITTIA_DB.I-CUBE-ITTIADB.8.9.0
2025-07-11 09:18:53,629 [WARN] PackLoader:240 - Cannot read IP mode file for SEGGER.I-CUBE-embOS.1.3.1
2025-07-11 09:18:53,674 [WARN] PackLoader:240 - Cannot read IP mode file for STMicroelectronics.X-CUBE-ALGOBUILD.1.4.0
2025-07-11 09:18:53,723 [WARN] PackLoader:240 - Cannot read IP mode file for STMicroelectronics.X-CUBE-AZRTOS-F4.1.1.0
2025-07-11 09:18:53,741 [WARN] PackLoader:240 - Cannot read IP mode file for STMicroelectronics.X-CUBE-ISPU.2.1.0
2025-07-11 09:18:53,769 [WARN] PackLoader:240 - Cannot read IP mode file for STMicroelectronics.X-CUBE-AZRTOS-L5.2.0.0
2025-07-11 09:18:53,786 [WARN] PackLoader:240 - Cannot read IP mode file for STMicroelectronics.X-CUBE-NFC6.3.1.0
2025-07-11 09:18:53,817 [WARN] ConditionMgr:438 - getConditionDescription Invalid condition id : LAN8742 Phy interface Condition cause : null
2025-07-11 09:18:53,818 [WARN] PackLoader:240 - Cannot read IP mode file for STMicroelectronics.X-CUBE-AZRTOS-L4.2.0.0
2025-07-11 09:18:53,819 [WARN] ConditionMgr:1044 - genDependencies : Invalid condition id : LAN8742 Phy interface Condition cause : null
2025-07-11 09:18:53,819 [WARN] ConditionMgr:1044 - genDependencies : Invalid condition id : LAN8742 Phy interface Condition cause : null
2025-07-11 09:18:53,819 [WARN] ConditionMgr:1044 - genDependencies : Invalid condition id : LAN8742 Phy interface Condition cause : null
2025-07-11 09:18:53,833 [WARN] PackLoader:240 - Cannot read IP mode file for STMicroelectronics.X-CUBE-SFXS2LP1.4.0.0
2025-07-11 09:18:53,851 [WARN] ConditionMgr:438 - getConditionDescription Invalid condition id : UX DEVICE CLASS RTOS Condition cause : null
2025-07-11 09:18:53,851 [WARN] ConditionMgr:438 - getConditionDescription Invalid condition id : UX DEVICE CLASS RTOS Condition cause : null
2025-07-11 09:18:53,852 [WARN] PackLoader:240 - Cannot read IP mode file for STMicroelectronics.X-CUBE-AZRTOS-WB.2.0.0
2025-07-11 09:18:53,853 [WARN] ConditionMgr:1044 - genDependencies : Invalid condition id : UX DEVICE CLASS RTOS Condition cause : null
2025-07-11 09:18:53,853 [WARN] ConditionMgr:1044 - genDependencies : Invalid condition id : UX DEVICE CLASS RTOS Condition cause : null
2025-07-11 09:18:53,853 [WARN] ConditionMgr:1044 - genDependencies : Invalid condition id : UX DEVICE CLASS RTOS Condition cause : null
2025-07-11 09:18:53,853 [WARN] ConditionMgr:1044 - genDependencies : Invalid condition id : UX DEVICE CLASS RTOS Condition cause : null
2025-07-11 09:18:53,853 [WARN] ConditionMgr:1044 - genDependencies : Invalid condition id : UX DEVICE CLASS RTOS Condition cause : null
2025-07-11 09:18:53,867 [WARN] PackLoader:240 - Cannot read IP mode file for STMicroelectronics.X-CUBE-GNSS1.7.0.1
2025-07-11 09:18:53,880 [WARN] PackLoader:240 - Cannot read IP mode file for STMicroelectronics.FP-SNS-STBOX1.2.0.0
2025-07-11 09:18:53,898 [WARN] PackLoader:240 - Cannot read IP mode file for STMicroelectronics.X-CUBE-SUBG2.5.0.0
2025-07-11 09:18:53,925 [WARN] PackLoader:240 - Cannot read IP mode file for STMicroelectronics.X-CUBE-AZRTOS-H7RS.1.1.0
2025-07-11 09:18:53,940 [WARN] PackLoader:240 - Cannot read IP mode file for Cesanta.I-CUBE-Mongoose.7.13.0
2025-07-11 09:18:53,965 [WARN] PackLoader:240 - Cannot read IP mode file for STMicroelectronics.X-CUBE-AZRTOS-G4.2.0.0
2025-07-11 09:18:53,982 [WARN] PackLoader:240 - Cannot read IP mode file for wolfSSL.I-CUBE-wolfSSH.1.4.20
2025-07-11 09:18:53,999 [WARN] PackLoader:240 - Cannot read IP mode file for STMicroelectronics.X-CUBE-IPS.3.1.0
2025-07-11 09:18:54,014 [WARN] PackLoader:240 - Cannot read IP mode file for STMicroelectronics.X-CUBE-ALS.1.0.2
2025-07-11 09:18:54,028 [WARN] PackLoader:240 - Cannot read IP mode file for portGmbH.I-Cube-SoM-uGOAL.1.1.0
2025-07-11 09:18:54,029 [INFO] ThirdParty:978 - Integrity check success = true
2025-07-11 09:18:54,029 [INFO] IntegrityCheckThread:100 - exiting critical section [integrity check]
2025-07-11 09:18:54,029 [INFO] IntegrityCheckThread:103 - End integrity checks thread
2025-07-11 09:37:06,220 [INFO] WebApp:194 - Connection lost
2025-07-11 09:37:08,210 [INFO] WebApp:191 - Connection restablished
2025-07-11 10:07:05,746 [INFO] WebApp:194 - Connection lost
2025-07-11 10:07:06,210 [INFO] WebApp:191 - Connection restablished
2025-07-11 10:54:25,211 [INFO] WebApp:194 - Connection lost
2025-07-11 11:46:25,946 [INFO] WebApp:191 - Connection restablished
2025-07-11 12:12:10,720 [INFO] WebApp:194 - Connection lost
2025-07-11 12:12:11,063 [INFO] WebApp:191 - Connection restablished
2025-07-11 13:59:03,882 [INFO] WebApp:194 - Connection lost
2025-07-11 13:59:08,811 [INFO] WebApp:191 - Connection restablished
2025-07-11 14:00:22,206 [INFO] WebApp:194 - Connection lost
2025-07-11 14:00:23,147 [INFO] WebApp:191 - Connection restablished
2025-07-11 14:02:39,224 [INFO] WebApp:194 - Connection lost
2025-07-11 14:02:39,638 [INFO] WebApp:191 - Connection restablished
2025-07-11 14:02:52,053 [INFO] WebApp:194 - Connection lost
2025-07-11 14:03:06,847 [INFO] WebApp:191 - Connection restablished
2025-07-11 14:03:08,727 [INFO] WebApp:194 - Connection lost
2025-07-11 14:03:09,207 [INFO] WebApp:191 - Connection restablished
2025-07-11 14:03:11,717 [INFO] WebApp:194 - Connection lost
2025-07-11 14:03:12,115 [INFO] WebApp:191 - Connection restablished
2025-07-11 14:04:57,942 [INFO] WebApp:194 - Connection lost
2025-07-11 14:04:58,448 [INFO] WebApp:191 - Connection restablished
2025-07-11 14:04:58,510 [INFO] WebApp:194 - Connection lost
2025-07-11 14:04:58,702 [INFO] WebApp:191 - Connection restablished
2025-07-11 14:43:26,881 [INFO] WebApp:194 - Connection lost
2025-07-11 14:43:27,735 [INFO] WebApp:191 - Connection restablished
2025-07-11 14:43:30,771 [INFO] WebApp:194 - Connection lost
2025-07-11 14:43:30,981 [INFO] WebApp:191 - Connection restablished
2025-07-11 14:45:48,236 [INFO] WebApp:194 - Connection lost
2025-07-11 14:45:48,565 [INFO] WebApp:191 - Connection restablished
2025-07-11 14:48:23,269 [INFO] WebApp:194 - Connection lost
2025-07-11 14:48:23,682 [INFO] WebApp:191 - Connection restablished
2025-07-11 15:43:52,249 [INFO] WebApp:194 - Connection lost
2025-07-11 15:43:52,463 [INFO] WebApp:191 - Connection restablished
2025-07-11 16:11:39,950 [ERROR] LogOutputStream:75 - [STDERR_REDIRECT] [Fatal Error] :1:1: Premature end of file.
2025-07-11 16:11:39,965 [ERROR] LogOutputStream:75 - [STDERR_REDIRECT] 
2025-07-11 16:11:40,112 [INFO] WebApp:403 - JxBrowser engine has been closed 
2025-07-11 16:11:40,939 [ERROR] LogOutputStream:75 - [STDERR_REDIRECT] [Fatal Error] :1:1: Premature end of file.
2025-07-11 16:11:40,939 [ERROR] LogOutputStream:75 - [STDERR_REDIRECT] 
2025-07-11 16:11:41,945 [ERROR] LogOutputStream:75 - [STDERR_REDIRECT] [Fatal Error] :1:1: Premature end of file.
2025-07-11 16:11:41,945 [ERROR] LogOutputStream:75 - [STDERR_REDIRECT] 
2025-07-11 16:11:42,948 [ERROR] LogOutputStream:75 - [STDERR_REDIRECT] [Fatal Error] :1:1: Premature end of file.
2025-07-11 16:11:42,948 [ERROR] LogOutputStream:75 - [STDERR_REDIRECT] 
2025-07-11 16:11:43,731 [ERROR] LogOutputStream:75 - [STDERR_REDIRECT] 
2025-07-11 16:11:43,731 [ERROR] LogOutputStream:75 - [STDERR_REDIRECT] 
2025-07-11 16:19:25,336 [INFO] Activator:176 - 


2025-07-11 16:19:25,336 [INFO] Activator:177 - !SESSION log4j initialized
2025-07-11 16:19:30,605 [INFO] LogOutputStream:77 - [STDOUT_REDIRECT] 
2025-07-11 16:19:33,695 [INFO] ApplicationProperties:184 - Using Application install path: C:\ST\STM32CubeIDE_1.18.1\STM32CubeIDE\plugins\com.st.stm32cube.common.mx_6.14.1.202504091515
2025-07-11 16:19:33,708 [INFO] DbMcusXml:78 - Set database path to: C:\ST\STM32CubeIDE_1.18.1\STM32CubeIDE\plugins\com.st.stm32cube.common.mx_6.14.1.202504091515\\db\/mcu/
2025-07-11 16:19:33,708 [INFO] ApiDb:274 - Set plugin database path to: C:\ST\STM32CubeIDE_1.18.1\STM32CubeIDE\plugins\com.st.stm32cube.common.mx_6.14.1.202504091515\\db\/plugins/boardmanager/
2025-07-11 16:19:33,708 [WARN] ApiDb:259 - Overriding images path with different value:  => C:\ST\STM32CubeIDE_1.18.1\STM32CubeIDE\plugins\com.st.stm32cube.common.mx_6.14.1.202504091515\\db\/plugins/mcufinder/images/
2025-07-11 16:19:33,717 [INFO] ApiDb:250 - Set database path to: C:\Users\barki\.stmcufinder\plugins\mcufinder//mcu/
2025-07-11 16:19:33,718 [INFO] DbMcusAds:125 - Set database path to: C:\Users\barki\.stmcufinder\plugins\mcufinder//mcu/
2025-07-11 16:19:33,719 [INFO] CrossReferenceDbSqlite:203 - Set database path to: C:\Users\barki\.stmcufinder\plugins\mcufinder//mcu/cs/
2025-07-11 16:19:33,808 [INFO] RulesReader:64 - Compatibility file has been processed (302 Rules)
2025-07-11 16:19:33,861 [INFO] DbMcusXml:78 - Set database path to: C:\ST\STM32CubeIDE_1.18.1\STM32CubeIDE\plugins\com.st.stm32cube.common.mx_6.14.1.202504091515\\db\/mcu/
2025-07-11 16:19:33,861 [INFO] ApiDb:274 - Set plugin database path to: C:\ST\STM32CubeIDE_1.18.1\STM32CubeIDE\plugins\com.st.stm32cube.common.mx_6.14.1.202504091515\\db\/plugins/boardmanager/
2025-07-11 16:19:33,862 [INFO] ApiDb:261 - Set plugin images path to: C:\ST\STM32CubeIDE_1.18.1\STM32CubeIDE\plugins\com.st.stm32cube.common.mx_6.14.1.202504091515\\db\/plugins/mcufinder/images/
2025-07-11 16:19:33,862 [WARN] DbFile:41 - Overriding database path with different value: C:\Users\barki\.stmcufinder\plugins\mcufinder/ => C:\Users\barki\.stmcufinder\plugins\mcufinder
2025-07-11 16:19:33,862 [INFO] ApiDb:250 - Set database path to: C:\Users\barki\.stmcufinder\plugins\mcufinder//mcu/
2025-07-11 16:19:33,862 [WARN] DbFile:41 - Overriding database path with different value: C:\Users\barki\.stmcufinder\plugins\mcufinder/ => C:\Users\barki\.stmcufinder\plugins\mcufinder
2025-07-11 16:19:33,862 [INFO] DbMcusAds:125 - Set database path to: C:\Users\barki\.stmcufinder\plugins\mcufinder//mcu/
2025-07-11 16:19:33,862 [WARN] DbFile:41 - Overriding database path with different value: C:\Users\barki\.stmcufinder\plugins\mcufinder/ => C:\Users\barki\.stmcufinder\plugins\mcufinder
2025-07-11 16:19:33,862 [WARN] DbFile:41 - Overriding database path with different value: C:\Users\barki\.stmcufinder\plugins\mcufinder/ => C:\Users\barki\.stmcufinder\plugins\mcufinder
2025-07-11 16:19:33,862 [INFO] CrossReferenceDbSqlite:203 - Set database path to: C:\Users\barki\.stmcufinder\plugins\mcufinder//mcu/cs/
2025-07-11 16:19:33,916 [INFO] MainPanel:272 - HeapMemory: 268435456
2025-07-11 16:19:33,994 [INFO] DbMcusXml:78 - Set database path to: C:\ST\STM32CubeIDE_1.18.1\STM32CubeIDE\plugins\com.st.stm32cube.common.mx_6.14.1.202504091515\\db\/mcu/
2025-07-11 16:19:33,994 [INFO] ApiDb:274 - Set plugin database path to: C:\ST\STM32CubeIDE_1.18.1\STM32CubeIDE\plugins\com.st.stm32cube.common.mx_6.14.1.202504091515\\db\/plugins/boardmanager/
2025-07-11 16:19:33,994 [INFO] ApiDb:261 - Set plugin images path to: C:\ST\STM32CubeIDE_1.18.1\STM32CubeIDE\plugins\com.st.stm32cube.common.mx_6.14.1.202504091515\\db\/plugins/mcufinder/images/
2025-07-11 16:19:33,994 [WARN] DbFile:41 - Overriding database path with different value: C:\Users\barki\.stmcufinder\plugins\mcufinder/ => C:\Users\barki\.stmcufinder\plugins\mcufinder
2025-07-11 16:19:33,994 [INFO] ApiDb:250 - Set database path to: C:\Users\barki\.stmcufinder\plugins\mcufinder//mcu/
2025-07-11 16:19:33,994 [WARN] DbFile:41 - Overriding database path with different value: C:\Users\barki\.stmcufinder\plugins\mcufinder/ => C:\Users\barki\.stmcufinder\plugins\mcufinder
2025-07-11 16:19:33,995 [INFO] DbMcusAds:125 - Set database path to: C:\Users\barki\.stmcufinder\plugins\mcufinder//mcu/
2025-07-11 16:19:33,995 [WARN] DbFile:41 - Overriding database path with different value: C:\Users\barki\.stmcufinder\plugins\mcufinder/ => C:\Users\barki\.stmcufinder\plugins\mcufinder
2025-07-11 16:19:33,995 [WARN] DbFile:41 - Overriding database path with different value: C:\Users\barki\.stmcufinder\plugins\mcufinder/ => C:\Users\barki\.stmcufinder\plugins\mcufinder
2025-07-11 16:19:33,995 [INFO] CrossReferenceDbSqlite:203 - Set database path to: C:\Users\barki\.stmcufinder\plugins\mcufinder//mcu/cs/
2025-07-11 16:19:34,006 [INFO] ApplicationProperties:184 - Using Application install path: C:\ST\STM32CubeIDE_1.18.1\STM32CubeIDE\plugins\com.st.stm32cube.common.mx_6.14.1.202504091515
2025-07-11 16:19:34,007 [INFO] PluginManage:196 - Search for loadable plugins [exclusion list=, ]
2025-07-11 16:19:34,008 [INFO] PluginManage:310 - Check plugin analytics
2025-07-11 16:19:34,143 [INFO] AnalyticsPlugin:253 - Accepted Software Licenses: 
2025-07-11 16:19:34,143 [INFO] AnalyticsPlugin:255 - Accepted CMSIS Pack Licenses: 
2025-07-11 16:19:34,143 [INFO] AnalyticsPlugin:257 - Accepted Firmware Licenses: FW.F4.1.28.0
2025-07-11 16:19:34,144 [INFO] PluginManage:359 - Loaded plugin analytics (category:tool,tabindex:-1)
2025-07-11 16:19:34,145 [INFO] PluginManage:310 - Check plugin cadmodel
2025-07-11 16:19:34,160 [INFO] CADModel:105 - Init CAD model plugin
2025-07-11 16:19:34,160 [INFO] PluginManage:359 - Loaded plugin cadmodel (category:power,tabindex:5)
2025-07-11 16:19:34,160 [INFO] PluginManage:310 - Check plugin clock
2025-07-11 16:19:34,184 [INFO] PluginManage:359 - Loaded plugin clock (category:base,tabindex:2)
2025-07-11 16:19:34,184 [INFO] PluginManage:310 - Check plugin ddr
2025-07-11 16:19:34,186 [INFO] PluginManage:359 - Loaded plugin ddr (category:tool,tabindex:6)
2025-07-11 16:19:34,186 [INFO] PluginManage:310 - Check plugin filemanager
2025-07-11 16:19:34,308 [INFO] PluginManage:359 - Loaded plugin filemanager (category:base,tabindex:10)
2025-07-11 16:19:34,308 [INFO] PluginManage:310 - Check plugin ipmanager
2025-07-11 16:19:34,314 [INFO] PluginManage:359 - Loaded plugin ipmanager (category:base,tabindex:5)
2025-07-11 16:19:34,314 [INFO] PluginManage:310 - Check plugin lpbam
2025-07-11 16:19:34,331 [INFO] PluginManage:359 - Loaded plugin lpbam (category:base,tabindex:0)
2025-07-11 16:19:34,331 [INFO] PluginManage:310 - Check plugin memorymap
2025-07-11 16:19:34,353 [INFO] PluginManage:359 - Loaded plugin memorymap (category:base,tabindex:4)
2025-07-11 16:19:34,353 [INFO] PluginManage:310 - Check plugin pinoutandconfiguration
2025-07-11 16:19:34,374 [INFO] PluginManage:359 - Loaded plugin pinoutandconfiguration (category:base,tabindex:1)
2025-07-11 16:19:34,374 [INFO] PluginManage:310 - Check plugin pinoutconfig
2025-07-11 16:19:34,452 [WARN] SupportedApi:132 - Cannot load RTOS API schema: s4s-elt-must-match.1: The content of 'definitions' must match (annotation?, (simpleType | complexType)?, (unique | key | keyref)*)). A problem was found starting at: attribute.
2025-07-11 16:19:34,548 [INFO] PluginManage:359 - Loaded plugin pinoutconfig (category:base,tabindex:0)
2025-07-11 16:19:34,548 [INFO] PluginManage:310 - Check plugin power
2025-07-11 16:19:34,566 [INFO] PluginManage:359 - Loaded plugin power (category:power,tabindex:4)
2025-07-11 16:19:34,566 [INFO] PluginManage:310 - Check plugin projectmanager
2025-07-11 16:19:34,579 [INFO] PluginManage:359 - Loaded plugin projectmanager (category:projectmanager,tabindex:4)
2025-07-11 16:19:34,579 [INFO] PluginManage:310 - Check plugin rif
2025-07-11 16:19:34,600 [INFO] PluginManage:359 - Loaded plugin rif (category:base,tabindex:3)
2025-07-11 16:19:34,600 [INFO] PluginManage:310 - Check plugin thirdparty
2025-07-11 16:19:34,851 [INFO] PluginManage:359 - Loaded plugin thirdparty (category:base,tabindex:-1)
2025-07-11 16:19:34,852 [INFO] PluginManage:310 - Check plugin tools
2025-07-11 16:19:34,852 [WARN] IntegrityCheckThread:84 - waiting for thirdparty lock release [integrity check]
2025-07-11 16:19:34,852 [INFO] IntegrityCheckThread:86 - entering critical section [integrity check]
2025-07-11 16:19:34,852 [INFO] ThirdPartyUpdaterWithRetryManager:70 - Updater plugin not ready yet. [1/15]
2025-07-11 16:19:34,881 [INFO] PluginManage:359 - Loaded plugin tools (category:base,tabindex:7)
2025-07-11 16:19:34,881 [INFO] PluginManage:310 - Check plugin tutovideos
2025-07-11 16:19:35,041 [INFO] PluginManage:359 - Loaded plugin tutovideos (category:base,tabindex:-1)
2025-07-11 16:19:35,041 [INFO] PluginManage:310 - Check plugin updater
2025-07-11 16:19:35,061 [INFO] PluginManage:359 - Loaded plugin updater (category:base,tabindex:12)
2025-07-11 16:19:35,061 [INFO] PluginManage:310 - Check plugin userauth
2025-07-11 16:19:35,066 [INFO] UserAuth:118 - Init User Auth plugin
2025-07-11 16:19:35,067 [INFO] PluginManage:359 - Loaded plugin userauth (category:base,tabindex:14)
2025-07-11 16:19:35,067 [INFO] PluginManage:283 - PluginManage : Loaded plugins [18]
2025-07-11 16:19:35,231 [INFO] PinOutPanel:1589 - setPackage(No Configuration,No Configuration)
2025-07-11 16:19:35,288 [INFO] CADModel:165 - CPN selected for project level
2025-07-11 16:19:35,288 [INFO] CADModel:114 - Register for checkConnection events
2025-07-11 16:19:35,313 [INFO] IPUIPlugin:80 - create IPUIPlugin
2025-07-11 16:19:35,313 [INFO] PluginManager:220 - loadIPPluginJar : add adc
2025-07-11 16:19:35,346 [INFO] IPUIPlugin:80 - create IPUIPlugin
2025-07-11 16:19:35,347 [INFO] PluginManager:220 - loadIPPluginJar : add aes
2025-07-11 16:19:35,380 [INFO] IPUIPlugin:80 - create IPUIPlugin
2025-07-11 16:19:35,380 [INFO] PluginManager:220 - loadIPPluginJar : add can
2025-07-11 16:19:35,400 [INFO] IPUIPlugin:80 - create IPUIPlugin
2025-07-11 16:19:35,400 [INFO] PluginManager:220 - loadIPPluginJar : add comp
2025-07-11 16:19:35,427 [INFO] IPUIPlugin:80 - create IPUIPlugin
2025-07-11 16:19:35,427 [INFO] PluginManager:220 - loadIPPluginJar : add cryp
2025-07-11 16:19:35,437 [INFO] IPUIPlugin:80 - create IPUIPlugin
2025-07-11 16:19:35,437 [INFO] PluginManager:220 - loadIPPluginJar : add ddr_ctrl_phy
2025-07-11 16:19:35,462 [INFO] IPUIPlugin:80 - create IPUIPlugin
2025-07-11 16:19:35,462 [INFO] PluginManager:220 - loadIPPluginJar : add dfsdm
2025-07-11 16:19:35,475 [INFO] IPUIPlugin:80 - create IPUIPlugin
2025-07-11 16:19:35,476 [INFO] PluginManager:220 - loadIPPluginJar : add dma
2025-07-11 16:19:35,507 [INFO] IPUIPlugin:80 - create IPUIPlugin
2025-07-11 16:19:35,507 [INFO] PluginManager:220 - loadIPPluginJar : add dma3
2025-07-11 16:19:35,544 [INFO] IPUIPlugin:80 - create IPUIPlugin
2025-07-11 16:19:35,544 [INFO] PluginManager:220 - loadIPPluginJar : add extmemmanager
2025-07-11 16:19:35,563 [INFO] IPUIPlugin:80 - create IPUIPlugin
2025-07-11 16:19:35,564 [INFO] PluginManager:220 - loadIPPluginJar : add fatfs
2025-07-11 16:19:35,600 [INFO] IPUIPlugin:80 - create IPUIPlugin
2025-07-11 16:19:35,600 [INFO] PluginManager:220 - loadIPPluginJar : add fmc
2025-07-11 16:19:35,615 [INFO] IPUIPlugin:80 - create IPUIPlugin
2025-07-11 16:19:35,616 [INFO] PluginManager:220 - loadIPPluginJar : add freertos
2025-07-11 16:19:35,635 [INFO] IPUIPlugin:80 - create IPUIPlugin
2025-07-11 16:19:35,635 [INFO] PluginManager:220 - loadIPPluginJar : add genericplugin
2025-07-11 16:19:35,706 [INFO] IPUIPlugin:80 - create IPUIPlugin
2025-07-11 16:19:35,706 [INFO] PluginManager:220 - loadIPPluginJar : add gfxmmu
2025-07-11 16:19:35,809 [INFO] IPUIPlugin:80 - create IPUIPlugin
2025-07-11 16:19:35,809 [INFO] PluginManager:220 - loadIPPluginJar : add gic
2025-07-11 16:19:35,820 [INFO] IPUIPlugin:80 - create IPUIPlugin
2025-07-11 16:19:35,820 [INFO] PluginManager:220 - loadIPPluginJar : add gpio
2025-07-11 16:19:35,891 [INFO] IPUIPlugin:80 - create IPUIPlugin
2025-07-11 16:19:35,891 [INFO] PluginManager:220 - loadIPPluginJar : add gtzc
2025-07-11 16:19:35,916 [INFO] IPUIPlugin:80 - create IPUIPlugin
2025-07-11 16:19:35,916 [INFO] PluginManager:220 - loadIPPluginJar : add hash
2025-07-11 16:19:35,956 [INFO] IPUIPlugin:80 - create IPUIPlugin
2025-07-11 16:19:35,956 [INFO] PluginManager:220 - loadIPPluginJar : add i2c
2025-07-11 16:19:35,987 [INFO] IPUIPlugin:80 - create IPUIPlugin
2025-07-11 16:19:35,987 [INFO] PluginManager:220 - loadIPPluginJar : add i2s
2025-07-11 16:19:36,019 [INFO] IPUIPlugin:80 - create IPUIPlugin
2025-07-11 16:19:36,019 [INFO] PluginManager:220 - loadIPPluginJar : add i3c
2025-07-11 16:19:36,100 [INFO] IPUIPlugin:80 - create IPUIPlugin
2025-07-11 16:19:36,100 [INFO] PluginManager:220 - loadIPPluginJar : add ipddr
2025-07-11 16:19:36,177 [INFO] IPUIPlugin:80 - create IPUIPlugin
2025-07-11 16:19:36,178 [INFO] PluginManager:220 - loadIPPluginJar : add linkedlist
2025-07-11 16:19:36,207 [INFO] IPUIPlugin:80 - create IPUIPlugin
2025-07-11 16:19:36,207 [INFO] PluginManager:220 - loadIPPluginJar : add lorawan
2025-07-11 16:19:36,238 [INFO] IPUIPlugin:80 - create IPUIPlugin
2025-07-11 16:19:36,238 [INFO] PluginManager:220 - loadIPPluginJar : add ltdc
2025-07-11 16:19:36,250 [INFO] IPUIPlugin:80 - create IPUIPlugin
2025-07-11 16:19:36,250 [INFO] PluginManager:220 - loadIPPluginJar : add mdma
2025-07-11 16:19:36,263 [INFO] IPUIPlugin:80 - create IPUIPlugin
2025-07-11 16:19:36,263 [INFO] PluginManager:220 - loadIPPluginJar : add nvic
2025-07-11 16:19:36,298 [INFO] IPUIPlugin:80 - create IPUIPlugin
2025-07-11 16:19:36,299 [INFO] PluginManager:220 - loadIPPluginJar : add opamp
2025-07-11 16:19:36,346 [INFO] IPUIPlugin:80 - create IPUIPlugin
2025-07-11 16:19:36,346 [INFO] PluginManager:220 - loadIPPluginJar : add openamp
2025-07-11 16:19:36,402 [INFO] IPUIPlugin:80 - create IPUIPlugin
2025-07-11 16:19:36,402 [INFO] PluginManager:220 - loadIPPluginJar : add pdm2pcm
2025-07-11 16:19:36,415 [INFO] IPUIPlugin:80 - create IPUIPlugin
2025-07-11 16:19:36,417 [INFO] PluginManager:220 - loadIPPluginJar : add plateformsettings
2025-07-11 16:19:36,440 [INFO] IPUIPlugin:80 - create IPUIPlugin
2025-07-11 16:19:36,440 [INFO] PluginManager:220 - loadIPPluginJar : add quadspi
2025-07-11 16:19:36,465 [INFO] IPUIPlugin:80 - create IPUIPlugin
2025-07-11 16:19:36,466 [INFO] PluginManager:220 - loadIPPluginJar : add radio
2025-07-11 16:19:36,478 [INFO] IPUIPlugin:80 - create IPUIPlugin
2025-07-11 16:19:36,478 [INFO] PluginManager:220 - loadIPPluginJar : add resmgrutility
2025-07-11 16:19:36,520 [INFO] IPUIPlugin:80 - create IPUIPlugin
2025-07-11 16:19:36,520 [INFO] PluginManager:220 - loadIPPluginJar : add sai
2025-07-11 16:19:36,553 [INFO] IPUIPlugin:80 - create IPUIPlugin
2025-07-11 16:19:36,553 [INFO] PluginManager:220 - loadIPPluginJar : add spi
2025-07-11 16:19:36,619 [INFO] IPUIPlugin:80 - create IPUIPlugin
2025-07-11 16:19:36,619 [INFO] PluginManager:220 - loadIPPluginJar : add stm32_wpan
2025-07-11 16:19:36,643 [INFO] IPUIPlugin:80 - create IPUIPlugin
2025-07-11 16:19:36,643 [INFO] PluginManager:220 - loadIPPluginJar : add tim
2025-07-11 16:19:36,691 [INFO] IPUIPlugin:80 - create IPUIPlugin
2025-07-11 16:19:36,692 [INFO] PluginManager:220 - loadIPPluginJar : add touchsensing
2025-07-11 16:19:36,725 [INFO] IPUIPlugin:80 - create IPUIPlugin
2025-07-11 16:19:36,725 [INFO] PluginManager:220 - loadIPPluginJar : add tracer_emb
2025-07-11 16:19:36,750 [INFO] IPUIPlugin:80 - create IPUIPlugin
2025-07-11 16:19:36,750 [INFO] PluginManager:220 - loadIPPluginJar : add ts
2025-07-11 16:19:36,775 [INFO] IPUIPlugin:80 - create IPUIPlugin
2025-07-11 16:19:36,775 [INFO] PluginManager:220 - loadIPPluginJar : add tsc
2025-07-11 16:19:36,798 [INFO] IPUIPlugin:80 - create IPUIPlugin
2025-07-11 16:19:36,799 [INFO] PluginManager:220 - loadIPPluginJar : add ucpd
2025-07-11 16:19:36,836 [INFO] IPUIPlugin:80 - create IPUIPlugin
2025-07-11 16:19:36,836 [INFO] PluginManager:220 - loadIPPluginJar : add usart
2025-07-11 16:19:36,877 [INFO] IPUIPlugin:80 - create IPUIPlugin
2025-07-11 16:19:36,877 [INFO] PluginManager:220 - loadIPPluginJar : add usbx
2025-07-11 16:19:36,993 [FATAL] Updater:351 - Updater called before beeing initialized
2025-07-11 16:19:37,013 [INFO] RulesReader:64 - Compatibility file has been processed (302 Rules)
2025-07-11 16:19:37,019 [INFO] RulesReader:64 - Compatibility file has been processed (302 Rules)
2025-07-11 16:19:37,026 [INFO] CADModel:165 - CPN selected for project level
2025-07-11 16:19:37,026 [INFO] CADModel:114 - Register for checkConnection events
2025-07-11 16:19:37,026 [FATAL] Updater:351 - Updater called before beeing initialized
2025-07-11 16:19:37,026 [ERROR] CADModel:125 - Updater not yet initialized, retry later 
2025-07-11 16:19:37,120 [FATAL] Updater:351 - Updater called before beeing initialized
2025-07-11 16:19:37,121 [INFO] CADModel:165 - CPN selected for project level
2025-07-11 16:19:37,121 [INFO] CADModel:114 - Register for checkConnection events
2025-07-11 16:19:37,122 [FATAL] Updater:351 - Updater called before beeing initialized
2025-07-11 16:19:37,122 [ERROR] CADModel:125 - Updater not yet initialized, retry later 
2025-07-11 16:19:37,125 [FATAL] Updater:351 - Updater called before beeing initialized
2025-07-11 16:19:37,229 [FATAL] Updater:351 - Updater called before beeing initialized
2025-07-11 16:19:37,238 [INFO] DbMcusAds:53 - JSON generation date=Thu Jun 19 11:32:37 TRT 2025 (1750321957418)
2025-07-11 16:19:37,238 [FATAL] Updater:351 - Updater called before beeing initialized
2025-07-11 16:19:37,265 [WARN] DetailPanel:346 - Failed to get advertising image, set to default
2025-07-11 16:19:37,416 [FATAL] Updater:351 - Updater called before beeing initialized
2025-07-11 16:19:37,418 [FATAL] Updater:351 - Updater called before beeing initialized
2025-07-11 16:19:37,418 [FATAL] Updater:351 - Updater called before beeing initialized
2025-07-11 16:19:37,419 [WARN] DetailPanel:346 - Failed to get advertising image, set to default
2025-07-11 16:19:37,420 [FATAL] Updater:351 - Updater called before beeing initialized
2025-07-11 16:19:37,466 [ERROR] Updater:1198 - MainUpdater not yet initialized. External WinMGr cannot be set.
2025-07-11 16:19:37,475 [INFO] Updater:1134 - Updater Version found : 6.14.1
2025-07-11 16:19:37,489 [INFO] ApplicationProperties:184 - Using Application install path: C:\ST\STM32CubeIDE_1.18.1\STM32CubeIDE\plugins\com.st.stm32cube.common.mx_6.14.1.202504091515
2025-07-11 16:19:37,853 [INFO] ThirdPartyUpdaterWithRetryManager:70 - Updater plugin not ready yet. [2/15]
2025-07-11 16:19:39,076 [ERROR] LogOutputStream:75 - [STDERR_REDIRECT] Jul 11, 2025 4:19:39 PM java.util.prefs.WindowsPreferences <init>
2025-07-11 16:19:39,078 [ERROR] LogOutputStream:75 - [STDERR_REDIRECT] WARNING: Could not open/create prefs root node Software\JavaSoft\Prefs at root 0xffffffff80000002. Windows RegCreateKeyEx(...) returned error code 5.
2025-07-11 16:19:39,079 [ERROR] LogOutputStream:75 - [STDERR_REDIRECT] 
2025-07-11 16:19:39,418 [INFO] MainUpdater:2872 - connection check result : 10
2025-07-11 16:19:39,419 [INFO] MainUpdater:289 - Updater Check For Update Now.
2025-07-11 16:19:39,419 [INFO] MicroXplorer:498 - Change Database Version : DB.6.0.141
2025-07-11 16:19:39,439 [INFO] McuFinderGlobals:63 - Set McuFinder mode to 2 (CubeIDE integrated)
2025-07-11 16:19:39,446 [INFO] UserAuth:484 - Internet connection configuration mode: 1
2025-07-11 16:19:39,474 [INFO] JxBrowserEngine:152 - Initiate JxBrowser Engine with user profile folder
2025-07-11 16:19:39,598 [INFO] CheckServerUpdateThread:120 - End of CheckServer Thread
2025-07-11 16:19:40,267 [INFO] WebApp:169 - Instantiating new browser for Auth
2025-07-11 16:19:40,718 [INFO] WebApp:463 - Apply proxy settings
2025-07-11 16:19:40,718 [INFO] WebApp:548 - Chromium requires no authentication
2025-07-11 16:19:40,723 [INFO] WebApp:491 - Direct internet connection detected
2025-07-11 16:19:40,739 [INFO] WebApp:894 - Register for checkConnection events
2025-07-11 16:19:40,739 [INFO] WebApp:463 - Apply proxy settings
2025-07-11 16:19:40,739 [INFO] WebApp:548 - Chromium requires no authentication
2025-07-11 16:19:40,739 [INFO] WebApp:491 - Direct internet connection detected
2025-07-11 16:19:40,860 [INFO] WebApp:225 - Starting web application
2025-07-11 16:19:40,860 [INFO] WebApp:593 - Web application path used C:\ST\STM32CubeIDE_1.18.1\STM32CubeIDE\plugins\com.st.stm32cube.common.mx_6.14.1.202504091515\db\plugins\mcufinder\reactClient1\index.html
2025-07-11 16:19:40,964 [INFO] UserAuth:484 - Internet connection configuration mode: 1
2025-07-11 16:19:41,046 [WARN] PackLoader:240 - Cannot read IP mode file for STMicroelectronics.FP-SNS-MOTENVWB1.1.4.0
2025-07-11 16:19:41,060 [WARN] PackLoader:240 - Cannot read IP mode file for STMicroelectronics.X-CUBE-SMBUS.2.1.0
2025-07-11 16:19:41,086 [WARN] PackLoader:240 - Cannot read IP mode file for STMicroelectronics.X-CUBE-AZRTOS-F7.1.1.0
2025-07-11 16:19:41,110 [WARN] PackLoader:240 - Cannot read IP mode file for Infineon.AIROC-Wi-Fi-Bluetooth-STM32.1.7.1
2025-07-11 16:19:41,139 [WARN] PackLoader:240 - Cannot read IP mode file for STMicroelectronics.X-CUBE-AZRTOS-H7.3.4.0
2025-07-11 16:19:41,156 [WARN] PackLoader:240 - Cannot read IP mode file for STMicroelectronics.X-CUBE-DISPLAY.3.0.0
2025-07-11 16:19:41,174 [WARN] PackLoader:240 - Cannot read IP mode file for STMicroelectronics.X-CUBE-NFC10.1.0.0
2025-07-11 16:19:41,193 [WARN] PackLoader:240 - Cannot read IP mode file for STMicroelectronics.X-CUBE-BLEMGR.4.0.0
2025-07-11 16:19:41,208 [WARN] PackLoader:240 - Cannot read IP mode file for emotas.I-CUBE-CANOPEN.1.3.0
2025-07-11 16:19:41,220 [WARN] ConditionMgr:438 - getConditionDescription Invalid condition id : Cortex-A Device cause : null
2025-07-11 16:19:41,236 [WARN] ConditionMgr:1044 - genDependencies : Invalid condition id : Cortex-A Device cause : null
2025-07-11 16:19:41,236 [WARN] ConditionMgr:1044 - genDependencies : Invalid condition id : Cortex-A Device cause : null
2025-07-11 16:19:41,236 [WARN] ConditionMgr:1044 - genDependencies : Invalid condition id : Cortex-A Device cause : null
2025-07-11 16:19:41,248 [WARN] PackLoader:240 - Cannot read IP mode file for STMicroelectronics.FP-SNS-SMARTAG2.1.2.0
2025-07-11 16:19:41,269 [INFO] LogOutputStream:77 - [STDOUT_REDIRECT] 1 : Invalid condition id : UX_CORESTACK_Condition cause : null
2025-07-11 16:19:41,269 [INFO] LogOutputStream:77 - [STDOUT_REDIRECT] 1 : Invalid condition id : UX_CORESTACK_Condition cause : null
2025-07-11 16:19:41,270 [INFO] LogOutputStream:77 - [STDOUT_REDIRECT] 1 : Invalid condition id : UX_CORESTACK_Condition cause : null
2025-07-11 16:19:41,270 [INFO] LogOutputStream:77 - [STDOUT_REDIRECT] 1 : Invalid condition id : UX_CORESTACK_Condition cause : null
2025-07-11 16:19:41,271 [INFO] LogOutputStream:77 - [STDOUT_REDIRECT] 1 : Invalid condition id : UX_CORESTACK_Condition cause : null
2025-07-11 16:19:41,273 [WARN] PackLoader:240 - Cannot read IP mode file for STMicroelectronics.X-CUBE-AZRTOS-WL.2.0.0
2025-07-11 16:19:41,286 [WARN] PackLoader:240 - Cannot read IP mode file for STMicroelectronics.FP-SNS-MOTENV1.5.0.0
2025-07-11 16:19:41,302 [WARN] PackLoader:240 - Cannot read IP mode file for WES.I-CUBE-Cesium.1.3.0
2025-07-11 16:19:41,318 [WARN] PackLoader:240 - Cannot read IP mode file for STMicroelectronics.X-CUBE-BLE2.3.3.0
2025-07-11 16:19:41,334 [WARN] PackLoader:240 - Cannot read IP mode file for STMicroelectronics.X-CUBE-NFC9.1.0.0
2025-07-11 16:19:41,348 [WARN] PackLoader:240 - Cannot read IP mode file for wolfSSL.I-CUBE-wolfSSL.5.8.0
2025-07-11 16:19:41,360 [WARN] PackLoader:240 - Cannot read IP mode file for wolfSSL.I-CUBE-wolfMQTT.1.19.2
2025-07-11 16:19:41,377 [INFO] WebApp:191 - Connection restablished
2025-07-11 16:19:41,386 [WARN] PackLoader:240 - Cannot read IP mode file for STMicroelectronics.X-CUBE-AZRTOS-G0.1.1.0
2025-07-11 16:19:41,400 [WARN] PackLoader:240 - Cannot read IP mode file for STMicroelectronics.X-CUBE-SAFEA1.1.2.2
2025-07-11 16:19:41,413 [WARN] PackLoader:240 - Cannot read IP mode file for STMicroelectronics.X-CUBE-NFC4.3.0.0
2025-07-11 16:19:41,429 [WARN] PackLoader:240 - Cannot read IP mode file for EmbeddedOffice.I-CUBE-FS-RTOS.1.0.1
2025-07-11 16:19:41,442 [WARN] PackLoader:240 - Cannot read IP mode file for STMicroelectronics.X-CUBE-WB05N.2.0.0
2025-07-11 16:19:41,454 [WARN] PackLoader:240 - Cannot read IP mode file for wolfSSL.I-CUBE-wolfTPM.3.8.0
2025-07-11 16:19:41,467 [WARN] PackLoader:240 - Cannot read IP mode file for STMicroelectronics.X-CUBE-TCPP.4.2.0
2025-07-11 16:19:41,481 [WARN] PackLoader:240 - Cannot read IP mode file for RealThread.X-CUBE-RT-Thread_Nano.4.1.1
2025-07-11 16:19:41,494 [WARN] PackLoader:240 - Cannot read IP mode file for STMicroelectronics.FP-ATR-SIGFOX1.3.2.0
2025-07-11 16:19:41,506 [WARN] PackLoader:240 - Cannot read IP mode file for STMicroelectronics.X-CUBE-EEPRMA1.5.1.0
2025-07-11 16:19:41,517 [WARN] PackLoader:240 - Cannot read IP mode file for ITTIA_DB.I-CUBE-ITTIADB.8.9.0
2025-07-11 16:19:41,536 [WARN] PackLoader:240 - Cannot read IP mode file for SEGGER.I-CUBE-embOS.1.3.1
2025-07-11 16:19:41,559 [WARN] PackLoader:240 - Cannot read IP mode file for STMicroelectronics.X-CUBE-ALGOBUILD.1.4.0
2025-07-11 16:19:41,586 [WARN] PackLoader:240 - Cannot read IP mode file for STMicroelectronics.X-CUBE-AZRTOS-F4.1.1.0
2025-07-11 16:19:41,605 [WARN] PackLoader:240 - Cannot read IP mode file for STMicroelectronics.X-CUBE-ISPU.2.1.0
2025-07-11 16:19:41,654 [WARN] PackLoader:240 - Cannot read IP mode file for STMicroelectronics.X-CUBE-AZRTOS-L5.2.0.0
2025-07-11 16:19:41,674 [WARN] PackLoader:240 - Cannot read IP mode file for STMicroelectronics.X-CUBE-NFC6.3.1.0
2025-07-11 16:19:41,701 [WARN] ConditionMgr:438 - getConditionDescription Invalid condition id : LAN8742 Phy interface Condition cause : null
2025-07-11 16:19:41,701 [WARN] PackLoader:240 - Cannot read IP mode file for STMicroelectronics.X-CUBE-AZRTOS-L4.2.0.0
2025-07-11 16:19:41,702 [WARN] ConditionMgr:1044 - genDependencies : Invalid condition id : LAN8742 Phy interface Condition cause : null
2025-07-11 16:19:41,702 [WARN] ConditionMgr:1044 - genDependencies : Invalid condition id : LAN8742 Phy interface Condition cause : null
2025-07-11 16:19:41,702 [WARN] ConditionMgr:1044 - genDependencies : Invalid condition id : LAN8742 Phy interface Condition cause : null
2025-07-11 16:19:41,718 [WARN] PackLoader:240 - Cannot read IP mode file for STMicroelectronics.X-CUBE-SFXS2LP1.4.0.0
2025-07-11 16:19:41,744 [WARN] ConditionMgr:438 - getConditionDescription Invalid condition id : UX DEVICE CLASS RTOS Condition cause : null
2025-07-11 16:19:41,744 [WARN] ConditionMgr:438 - getConditionDescription Invalid condition id : UX DEVICE CLASS RTOS Condition cause : null
2025-07-11 16:19:41,745 [WARN] PackLoader:240 - Cannot read IP mode file for STMicroelectronics.X-CUBE-AZRTOS-WB.2.0.0
2025-07-11 16:19:41,746 [WARN] ConditionMgr:1044 - genDependencies : Invalid condition id : UX DEVICE CLASS RTOS Condition cause : null
2025-07-11 16:19:41,746 [WARN] ConditionMgr:1044 - genDependencies : Invalid condition id : UX DEVICE CLASS RTOS Condition cause : null
2025-07-11 16:19:41,746 [WARN] ConditionMgr:1044 - genDependencies : Invalid condition id : UX DEVICE CLASS RTOS Condition cause : null
2025-07-11 16:19:41,746 [WARN] ConditionMgr:1044 - genDependencies : Invalid condition id : UX DEVICE CLASS RTOS Condition cause : null
2025-07-11 16:19:41,746 [WARN] ConditionMgr:1044 - genDependencies : Invalid condition id : UX DEVICE CLASS RTOS Condition cause : null
2025-07-11 16:19:41,764 [WARN] PackLoader:240 - Cannot read IP mode file for STMicroelectronics.X-CUBE-GNSS1.7.0.1
2025-07-11 16:19:41,779 [WARN] PackLoader:240 - Cannot read IP mode file for STMicroelectronics.FP-SNS-STBOX1.2.0.0
2025-07-11 16:19:41,802 [WARN] PackLoader:240 - Cannot read IP mode file for STMicroelectronics.X-CUBE-SUBG2.5.0.0
2025-07-11 16:19:41,831 [WARN] PackLoader:240 - Cannot read IP mode file for STMicroelectronics.X-CUBE-AZRTOS-H7RS.1.1.0
2025-07-11 16:19:41,848 [WARN] PackLoader:240 - Cannot read IP mode file for Cesanta.I-CUBE-Mongoose.7.13.0
2025-07-11 16:19:41,871 [WARN] PackLoader:240 - Cannot read IP mode file for STMicroelectronics.X-CUBE-AZRTOS-G4.2.0.0
2025-07-11 16:19:41,885 [WARN] PackLoader:240 - Cannot read IP mode file for wolfSSL.I-CUBE-wolfSSH.1.4.20
2025-07-11 16:19:41,905 [WARN] PackLoader:240 - Cannot read IP mode file for STMicroelectronics.X-CUBE-IPS.3.1.0
2025-07-11 16:19:41,922 [WARN] PackLoader:240 - Cannot read IP mode file for STMicroelectronics.X-CUBE-ALS.1.0.2
2025-07-11 16:19:41,938 [WARN] PackLoader:240 - Cannot read IP mode file for portGmbH.I-Cube-SoM-uGOAL.1.1.0
2025-07-11 16:19:41,939 [INFO] ThirdParty:978 - Integrity check success = true
2025-07-11 16:19:41,939 [INFO] IntegrityCheckThread:100 - exiting critical section [integrity check]
2025-07-11 16:19:41,939 [INFO] IntegrityCheckThread:103 - End integrity checks thread
2025-07-11 17:42:49,776 [INFO] WebApp:194 - Connection lost
2025-07-11 17:48:11,624 [ERROR] ConfigurationRetriever:142 - IOException on connection: sw-center.st.com
2025-07-11 17:48:11,625 [ERROR] ConfigurationRetriever:142 - IOException on connection: sw-center.st.com
2025-07-11 17:48:11,625 [ERROR] ConfigurationRetriever:142 - IOException on connection: sw-center.st.com
2025-07-11 17:48:14,041 [ERROR] LogOutputStream:75 - [STDERR_REDIRECT] 
2025-07-11 17:48:14,047 [ERROR] LogOutputStream:75 - [STDERR_REDIRECT] 
