15:00:03 **** Incremental Build of configuration Debug for project 002_LED_Tasks ****
make -j16 all 
arm-none-eabi-gcc "../Core/Src/main.c" -mcpu=cortex-m4 -std=gnu11 -g3 -DDEBUG -DUSE_HAL_DRIVER -DSTM32F429xx -c -I../Core/Inc -I../Drivers/STM32F4xx_HAL_Driver/Inc -I../Drivers/STM32F4xx_HAL_Driver/Inc/Legacy -I../Drivers/CMSIS/Device/ST/STM32F4xx/Include -I../Drivers/CMSIS/Include -I"C:/Workspace/RTOS_workspace/common/ThirdParty/FreeRTOS/include" -I"C:/Workspace/RTOS_workspace/common/ThirdParty/FreeRTOS/portable/GCC/ARM_CM4F" -I"C:/Workspace/RTOS_workspace/common/ThirdParty/SEGGER/Config" -I"C:/Workspace/RTOS_workspace/common/ThirdParty/SEGGER/OS" -I"C:/Workspace/RTOS_workspace/common/ThirdParty/SEGGER/SEGGER" -O0 -ffunction-sections -fdata-sections -Wall -fstack-usage -fcyclomatic-complexity -MMD -MP -MF"Core/Src/main.d" -MT"Core/Src/main.o" --specs=nano.specs -mfpu=fpv4-sp-d16 -mfloat-abi=hard -mthumb -o "Core/Src/main.o"
arm-none-eabi-gcc -o "002_LED_Tasks.elf" @"objects.list"   -mcpu=cortex-m4 -T"C:\Workspace\RTOS_workspace\002_LED_Tasks\STM32F429ZITX_FLASH.ld" --specs=nosys.specs -Wl,-Map="002_LED_Tasks.map" -Wl,--gc-sections -static --specs=nano.specs -mfpu=fpv4-sp-d16 -mfloat-abi=hard -mthumb -Wl,--start-group -lc -lm -Wl,--end-group
C:/ST/STM32CubeIDE_1.19.0/STM32CubeIDE/plugins/com.st.stm32cube.ide.mcu.externaltools.gnu-tools-for-stm32.13.3.rel1.win32_1.0.0.202411081344/tools/bin/../lib/gcc/arm-none-eabi/13.3.1/../../../../arm-none-eabi/bin/ld.exe: ./Core/Src/main.o: in function `main':
C:/Workspace/RTOS_workspace/002_LED_Tasks/Debug/../Core/Src/main.c:98:(.text.main+0x14): undefined reference to `SEGGER_UART_init'
C:/ST/STM32CubeIDE_1.19.0/STM32CubeIDE/plugins/com.st.stm32cube.ide.mcu.externaltools.gnu-tools-for-stm32.13.3.rel1.win32_1.0.0.202411081344/tools/bin/../lib/gcc/arm-none-eabi/13.3.1/../../../../arm-none-eabi/bin/ld.exe: C:/Workspace/RTOS_workspace/002_LED_Tasks/Debug/../Core/Src/main.c:103:(.text.main+0x24): undefined reference to `SEGGER_SYSVIEW_Conf'
C:/ST/STM32CubeIDE_1.19.0/STM32CubeIDE/plugins/com.st.stm32cube.ide.mcu.externaltools.gnu-tools-for-stm32.13.3.rel1.win32_1.0.0.202411081344/tools/bin/../lib/gcc/arm-none-eabi/13.3.1/../../../../arm-none-eabi/bin/ld.exe: C:/Workspace/RTOS_workspace/002_LED_Tasks/Debug/../Core/Src/main.c:105:(.text.main+0x3a): undefined reference to `xTaskCreate'
C:/ST/STM32CubeIDE_1.19.0/STM32CubeIDE/plugins/com.st.stm32cube.ide.mcu.externaltools.gnu-tools-for-stm32.13.3.rel1.win32_1.0.0.202411081344/tools/bin/../lib/gcc/arm-none-eabi/13.3.1/../../../../arm-none-eabi/bin/ld.exe: C:/Workspace/RTOS_workspace/002_LED_Tasks/Debug/../Core/Src/main.c:109:(.text.main+0x6e): undefined reference to `xTaskCreate'
C:/ST/STM32CubeIDE_1.19.0/STM32CubeIDE/plugins/com.st.stm32cube.ide.mcu.externaltools.gnu-tools-for-stm32.13.3.rel1.win32_1.0.0.202411081344/tools/bin/../lib/gcc/arm-none-eabi/13.3.1/../../../../arm-none-eabi/bin/ld.exe: C:/Workspace/RTOS_workspace/002_LED_Tasks/Debug/../Core/Src/main.c:115:(.text.main+0x92): undefined reference to `vTaskStartScheduler'
C:/ST/STM32CubeIDE_1.19.0/STM32CubeIDE/plugins/com.st.stm32cube.ide.mcu.externaltools.gnu-tools-for-stm32.13.3.rel1.win32_1.0.0.202411081344/tools/bin/../lib/gcc/arm-none-eabi/13.3.1/../../../../arm-none-eabi/bin/ld.exe: ./Core/Src/main.o: in function `led_green_handler':
C:/Workspace/RTOS_workspace/002_LED_Tasks/Debug/../Core/Src/main.c:444:(.text.led_green_handler+0xa): undefined reference to `SEGGER_SYSVIEW_PrintfTarget'
C:/ST/STM32CubeIDE_1.19.0/STM32CubeIDE/plugins/com.st.stm32cube.ide.mcu.externaltools.gnu-tools-for-stm32.13.3.rel1.win32_1.0.0.202411081344/tools/bin/../lib/gcc/arm-none-eabi/13.3.1/../../../../arm-none-eabi/bin/ld.exe: ./Core/Src/main.o: in function `led_red_handler':
C:/Workspace/RTOS_workspace/002_LED_Tasks/Debug/../Core/Src/main.c:457:(.text.led_red_handler+0xa): undefined reference to `SEGGER_SYSVIEW_PrintfTarget'
C:/ST/STM32CubeIDE_1.19.0/STM32CubeIDE/plugins/com.st.stm32cube.ide.mcu.externaltools.gnu-tools-for-stm32.13.3.rel1.win32_1.0.0.202411081344/tools/bin/../lib/gcc/arm-none-eabi/13.3.1/../../../../arm-none-eabi/bin/ld.exe: ./Core/Src/stm32f4xx_hal_msp.o: in function `HAL_MspInit':
C:/Workspace/RTOS_workspace/002_LED_Tasks/Debug/../Core/Src/stm32f4xx_hal_msp.c:76:(.text.HAL_MspInit+0x3e): undefined reference to `vInitPrioGroupValue'
collect2.exe: error: ld returned 1 exit status
make: *** [makefile:64: 002_LED_Tasks.elf] Error 1
"make -j16 all" terminated with exit code 2. Build might be incomplete.

15:00:04 Build Failed. 9 errors, 0 warnings. (took 488ms)

